# JRE version: Java(TM) SE Runtime Environment (7.0_55-b13) (build 1.7.0_55-b13)
# Java VM: Java HotSpot(TM) Client VM (24.55-b03 mixed mode windows-x86 )
Heap
 def new generation   total 4928K, used 3515K [0x04770000, 0x04cc0000, 0x09cc0000)
  eden space 4416K,  79% used [0x04770000, 0x04ad8d80, 0x04bc0000)
  from space 512K,   4% used [0x04bc0000, 0x04bc61d8, 0x04c40000)
  to   space 512K,   0% used [0x04c40000, 0x04c40000, 0x04cc0000)
 tenured generation   total 10944K, used 440K [0x09cc0000, 0x0a770000, 0x14770000)
   the space 10944K,   4% used [0x09cc0000, 0x09d2e190, 0x09d2e200, 0x0a770000)
 compacting perm gen  total 12288K, used 2260K [0x14770000, 0x15370000, 0x18770000)
   the space 12288K,  18% used [0x14770000, 0x149a5368, 0x149a5400, 0x15370000)
GC Heap History (10 events):
Event: 97.101 GC heap before
{Heap before GC invocations=35 (full 0):
 def new generation   total 4928K, used 4433K [0x04770000, 0x04cc0000, 0x09cc0000)
  eden space 4416K, 100% used [0x04770000, 0x04bc0000, 0x04bc0000)
  from space 512K,   3% used [0x04c40000, 0x04c44470, 0x04cc0000)
  to   space 512K,   0% used [0x04bc0000, 0x04bc0000, 0x04c40000)
 tenured generation   total 10944K, used 439K [0x09cc0000, 0x0a770000, 0x14770000)
   the space 10944K,   4% used [0x09cc0000, 0x09d2def0, 0x09d2e000, 0x0a770000)
 compacting perm gen  total 12288K, used 2260K [0x14770000, 0x15370000, 0x18770000)
   the space 12288K,  18% used [0x14770000, 0x149a5368, 0x149a5400, 0x15370000)
No shared spaces configured.
Event: 97.101 GC heap after
Heap after GC invocations=36 (full 0):
 def new generation   total 4928K, used 13K [0x04770000, 0x04cc0000, 0x09cc0000)
  eden space 4416K,   0% used [0x04770000, 0x04770000, 0x04bc0000)
  from space 512K,   2% used [0x04bc0000, 0x04bc3620, 0x04c40000)
  to   space 512K,   0% used [0x04c40000, 0x04c40000, 0x04cc0000)
 tenured generation   total 10944K, used 439K [0x09cc0000, 0x0a770000, 0x14770000)
   the space 10944K,   4% used [0x09cc0000, 0x09d2def0, 0x09d2e000, 0x0a770000)
 compacting perm gen  total 12288K, used 2260K [0x14770000, 0x15370000, 0x18770000)
   the space 12288K,  18% used [0x14770000, 0x149a5368, 0x149a5400, 0x15370000)
No shared spaces configured.
}
Event: 103.069 GC heap before
{Heap before GC invocations=36 (full 0):
 def new generation   total 4928K, used 4429K [0x04770000, 0x04cc0000, 0x09cc0000)
  eden space 4416K, 100% used [0x04770000, 0x04bc0000, 0x04bc0000)
  from space 512K,   2% used [0x04bc0000, 0x04bc3620, 0x04c40000)
  to   space 512K,   0% used [0x04c40000, 0x04c40000, 0x04cc0000)
 tenured generation   total 10944K, used 439K [0x09cc0000, 0x0a770000, 0x14770000)
   the space 10944K,   4% used [0x09cc0000, 0x09d2def0, 0x09d2e000, 0x0a770000)
 compacting perm gen  total 12288K, used 2260K [0x14770000, 0x15370000, 0x18770000)
   the space 12288K,  18% used [0x14770000, 0x149a5368, 0x149a5400, 0x15370000)
No shared spaces configured.
Event: 103.069 GC heap after
Heap after GC invocations=37 (full 0):
 def new generation   total 4928K, used 19K [0x04770000, 0x04cc0000, 0x09cc0000)
  eden space 4416K,   0% used [0x04770000, 0x04770000, 0x04bc0000)
  from space 512K,   3% used [0x04c40000, 0x04c44e10, 0x04cc0000)
  to   space 512K,   0% used [0x04bc0000, 0x04bc0000, 0x04c40000)
 tenured generation   total 10944K, used 439K [0x09cc0000, 0x0a770000, 0x14770000)
   the space 10944K,   4% used [0x09cc0000, 0x09d2def0, 0x09d2e000, 0x0a770000)
 compacting perm gen  total 12288K, used 2260K [0x14770000, 0x15370000, 0x18770000)
   the space 12288K,  18% used [0x14770000, 0x149a5368, 0x149a5400, 0x15370000)
No shared spaces configured.
}
Event: 106.739 GC heap before
{Heap before GC invocations=37 (full 0):
 def new generation   total 4928K, used 4435K [0x04770000, 0x04cc0000, 0x09cc0000)
  eden space 4416K, 100% used [0x04770000, 0x04bc0000, 0x04bc0000)
  from space 512K,   3% used [0x04c40000, 0x04c44e10, 0x04cc0000)
  to   space 512K,   0% used [0x04bc0000, 0x04bc0000, 0x04c40000)
 tenured generation   total 10944K, used 439K [0x09cc0000, 0x0a770000, 0x14770000)
   the space 10944K,   4% used [0x09cc0000, 0x09d2def0, 0x09d2e000, 0x0a770000)
 compacting perm gen  total 12288K, used 2260K [0x14770000, 0x15370000, 0x18770000)
   the space 12288K,  18% used [0x14770000, 0x149a5368, 0x149a5400, 0x15370000)
No shared spaces configured.
Event: 106.739 GC heap after
Heap after GC invocations=38 (full 0):
 def new generation   total 4928K, used 19K [0x04770000, 0x04cc0000, 0x09cc0000)
  eden space 4416K,   0% used [0x04770000, 0x04770000, 0x04bc0000)
  from space 512K,   3% used [0x04bc0000, 0x04bc4e90, 0x04c40000)
  to   space 512K,   0% used [0x04c40000, 0x04c40000, 0x04cc0000)
 tenured generation   total 10944K, used 439K [0x09cc0000, 0x0a770000, 0x14770000)
   the space 10944K,   4% used [0x09cc0000, 0x09d2df60, 0x09d2e000, 0x0a770000)
 compacting perm gen  total 12288K, used 2260K [0x14770000, 0x15370000, 0x18770000)
   the space 12288K,  18% used [0x14770000, 0x149a5368, 0x149a5400, 0x15370000)
No shared spaces configured.
}
Event: 112.384 GC heap before
{Heap before GC invocations=38 (full 0):
 def new generation   total 4928K, used 4435K [0x04770000, 0x04cc0000, 0x09cc0000)
  eden space 4416K, 100% used [0x04770000, 0x04bc0000, 0x04bc0000)
  from space 512K,   3% used [0x04bc0000, 0x04bc4e90, 0x04c40000)
  to   space 512K,   0% used [0x04c40000, 0x04c40000, 0x04cc0000)
 tenured generation   total 10944K, used 439K [0x09cc0000, 0x0a770000, 0x14770000)
   the space 10944K,   4% used [0x09cc0000, 0x09d2df60, 0x09d2e000, 0x0a770000)
 compacting perm gen  total 12288K, used 2260K [0x14770000, 0x15370000, 0x18770000)
   the space 12288K,  18% used [0x14770000, 0x149a5368, 0x149a5400, 0x15370000)
No shared spaces configured.
Event: 112.384 GC heap after
Heap after GC invocations=39 (full 0):
 def new generation   total 4928K, used 12K [0x04770000, 0x04cc0000, 0x09cc0000)
  eden space 4416K,   0% used [0x04770000, 0x04770000, 0x04bc0000)
  from space 512K,   2% used [0x04c40000, 0x04c432c0, 0x04cc0000)
  to   space 512K,   0% used [0x04bc0000, 0x04bc0000, 0x04c40000)
 tenured generation   total 10944K, used 440K [0x09cc0000, 0x0a770000, 0x14770000)
   the space 10944K,   4% used [0x09cc0000, 0x09d2e190, 0x09d2e200, 0x0a770000)
 compacting perm gen  total 12288K, used 2260K [0x14770000, 0x15370000, 0x18770000)
   the space 12288K,  18% used [0x14770000, 0x149a5368, 0x149a5400, 0x15370000)
No shared spaces configured.
}
Event: 114.237 GC heap before
{Heap before GC invocations=39 (full 0):
 def new generation   total 4928K, used 4428K [0x04770000, 0x04cc0000, 0x09cc0000)
  eden space 4416K, 100% used [0x04770000, 0x04bc0000, 0x04bc0000)
  from space 512K,   2% used [0x04c40000, 0x04c432c0, 0x04cc0000)
  to   space 512K,   0% used [0x04bc0000, 0x04bc0000, 0x04c40000)
 tenured generation   total 10944K, used 440K [0x09cc0000, 0x0a770000, 0x14770000)
   the space 10944K,   4% used [0x09cc0000, 0x09d2e190, 0x09d2e200, 0x0a770000)
 compacting perm gen  total 12288K, used 2260K [0x14770000, 0x15370000, 0x18770000)
   the space 12288K,  18% used [0x14770000, 0x149a5368, 0x149a5400, 0x15370000)
No shared spaces configured.
Event: 114.237 GC heap after
Heap after GC invocations=40 (full 0):
 def new generation   total 4928K, used 24K [0x04770000, 0x04cc0000, 0x09cc0000)
  eden space 4416K,   0% used [0x04770000, 0x04770000, 0x04bc0000)
  from space 512K,   4% used [0x04bc0000, 0x04bc61d8, 0x04c40000)
  to   space 512K,   0% used [0x04c40000, 0x04c40000, 0x04cc0000)
 tenured generation   total 10944K, used 440K [0x09cc0000, 0x0a770000, 0x14770000)
   the space 10944K,   4% used [0x09cc0000, 0x09d2e190, 0x09d2e200, 0x0a770000)
 compacting perm gen  total 12288K, used 2260K [0x14770000, 0x15370000, 0x18770000)
   the space 12288K,  18% used [0x14770000, 0x149a5368, 0x149a5400, 0x15370000)
No shared spaces configured.
}

