# JRE version: Java(TM) SE Runtime Environment (7.0_55-b13) (build 1.7.0_55-b13)
# Java VM: Java HotSpot(TM) Client VM (24.55-b03 mixed mode windows-x86 )
Heap
 def new generation   total 4928K, used 267K [0x04610000, 0x04b60000, 0x09b60000)
  eden space 4416K,   5% used [0x04610000, 0x04651d78, 0x04a60000)
  from space 512K,   0% used [0x04ae0000, 0x04ae0fd8, 0x04b60000)
  to   space 512K,   0% used [0x04a60000, 0x04a60000, 0x04ae0000)
 tenured generation   total 10944K, used 417K [0x09b60000, 0x0a610000, 0x14610000)
   the space 10944K,   3% used [0x09b60000, 0x09bc8590, 0x09bc8600, 0x0a610000)
 compacting perm gen  total 12288K, used 2249K [0x14610000, 0x15210000, 0x18610000)
   the space 12288K,  18% used [0x14610000, 0x14842758, 0x14842800, 0x15210000)
GC Heap History (6 events):
Event: 24.568 GC heap before
{Heap before GC invocations=0 (full 0):
 def new generation   total 4928K, used 4416K [0x04610000, 0x04b60000, 0x09b60000)
  eden space 4416K, 100% used [0x04610000, 0x04a60000, 0x04a60000)
  from space 512K,   0% used [0x04a60000, 0x04a60000, 0x04ae0000)
  to   space 512K,   0% used [0x04ae0000, 0x04ae0000, 0x04b60000)
 tenured generation   total 10944K, used 0K [0x09b60000, 0x0a610000, 0x14610000)
   the space 10944K,   0% used [0x09b60000, 0x09b60000, 0x09b60200, 0x0a610000)
 compacting perm gen  total 12288K, used 2226K [0x14610000, 0x15210000, 0x18610000)
   the space 12288K,  18% used [0x14610000, 0x1483cb10, 0x1483cc00, 0x15210000)
No shared spaces configured.
Event: 24.570 GC heap after
Heap after GC invocations=1 (full 0):
 def new generation   total 4928K, used 512K [0x04610000, 0x04b60000, 0x09b60000)
  eden space 4416K,   0% used [0x04610000, 0x04610000, 0x04a60000)
  from space 512K, 100% used [0x04ae0000, 0x04b60000, 0x04b60000)
  to   space 512K,   0% used [0x04a60000, 0x04a60000, 0x04ae0000)
 tenured generation   total 10944K, used 42K [0x09b60000, 0x0a610000, 0x14610000)
   the space 10944K,   0% used [0x09b60000, 0x09b6a940, 0x09b6aa00, 0x0a610000)
 compacting perm gen  total 12288K, used 2226K [0x14610000, 0x15210000, 0x18610000)
   the space 12288K,  18% used [0x14610000, 0x1483cb10, 0x1483cc00, 0x15210000)
No shared spaces configured.
}
Event: 34.255 GC heap before
{Heap before GC invocations=1 (full 0):
 def new generation   total 4928K, used 4928K [0x04610000, 0x04b60000, 0x09b60000)
  eden space 4416K, 100% used [0x04610000, 0x04a60000, 0x04a60000)
  from space 512K, 100% used [0x04ae0000, 0x04b60000, 0x04b60000)
  to   space 512K,   0% used [0x04a60000, 0x04a60000, 0x04ae0000)
 tenured generation   total 10944K, used 42K [0x09b60000, 0x0a610000, 0x14610000)
   the space 10944K,   0% used [0x09b60000, 0x09b6a940, 0x09b6aa00, 0x0a610000)
 compacting perm gen  total 12288K, used 2249K [0x14610000, 0x15210000, 0x18610000)
   the space 12288K,  18% used [0x14610000, 0x14842758, 0x14842800, 0x15210000)
No shared spaces configured.
Event: 34.257 GC heap after
Heap after GC invocations=2 (full 0):
 def new generation   total 4928K, used 4K [0x04610000, 0x04b60000, 0x09b60000)
  eden space 4416K,   0% used [0x04610000, 0x04610000, 0x04a60000)
  from space 512K,   0% used [0x04a60000, 0x04a613b0, 0x04ae0000)
  to   space 512K,   0% used [0x04ae0000, 0x04ae0000, 0x04b60000)
 tenured generation   total 10944K, used 417K [0x09b60000, 0x0a610000, 0x14610000)
   the space 10944K,   3% used [0x09b60000, 0x09bc8590, 0x09bc8600, 0x0a610000)
 compacting perm gen  total 12288K, used 2249K [0x14610000, 0x15210000, 0x18610000)
   the space 12288K,  18% used [0x14610000, 0x14842758, 0x14842800, 0x15210000)
No shared spaces configured.
}
Event: 44.365 GC heap before
{Heap before GC invocations=2 (full 0):
 def new generation   total 4928K, used 4420K [0x04610000, 0x04b60000, 0x09b60000)
  eden space 4416K, 100% used [0x04610000, 0x04a60000, 0x04a60000)
  from space 512K,   0% used [0x04a60000, 0x04a613b0, 0x04ae0000)
  to   space 512K,   0% used [0x04ae0000, 0x04ae0000, 0x04b60000)
 tenured generation   total 10944K, used 417K [0x09b60000, 0x0a610000, 0x14610000)
   the space 10944K,   3% used [0x09b60000, 0x09bc8590, 0x09bc8600, 0x0a610000)
 compacting perm gen  total 12288K, used 2249K [0x14610000, 0x15210000, 0x18610000)
   the space 12288K,  18% used [0x14610000, 0x14842758, 0x14842800, 0x15210000)
No shared spaces configured.
Event: 44.366 GC heap after
Heap after GC invocations=3 (full 0):
 def new generation   total 4928K, used 3K [0x04610000, 0x04b60000, 0x09b60000)
  eden space 4416K,   0% used [0x04610000, 0x04610000, 0x04a60000)
  from space 512K,   0% used [0x04ae0000, 0x04ae0fd8, 0x04b60000)
  to   space 512K,   0% used [0x04a60000, 0x04a60000, 0x04ae0000)
 tenured generation   total 10944K, used 417K [0x09b60000, 0x0a610000, 0x14610000)
   the space 10944K,   3% used [0x09b60000, 0x09bc8590, 0x09bc8600, 0x0a610000)
 compacting perm gen  total 12288K, used 2249K [0x14610000, 0x15210000, 0x18610000)
   the space 12288K,  18% used [0x14610000, 0x14842758, 0x14842800, 0x15210000)
No shared spaces configured.
}

