# JRE version: Java(TM) SE Runtime Environment (7.0_55-b13) (build 1.7.0_55-b13)
# Java VM: Java HotSpot(TM) Client VM (24.55-b03 mixed mode windows-x86 )
Heap
 def new generation   total 4928K, used 1114K [0x04750000, 0x04ca0000, 0x09ca0000)
  eden space 4416K,  23% used [0x04750000, 0x0484e240, 0x04ba0000)
  from space 512K,  19% used [0x04c20000, 0x04c38898, 0x04ca0000)
  to   space 512K,   0% used [0x04ba0000, 0x04ba0000, 0x04c20000)
 tenured generation   total 10944K, used 478K [0x09ca0000, 0x0a750000, 0x14750000)
   the space 10944K,   4% used [0x09ca0000, 0x09d179d0, 0x09d17a00, 0x0a750000)
 compacting perm gen  total 12288K, used 2260K [0x14750000, 0x15350000, 0x18750000)
   the space 12288K,  18% used [0x14750000, 0x14985250, 0x14985400, 0x15350000)
GC Heap History (10 events):
Event: 132.785 GC heap before
{Heap before GC invocations=50 (full 0):
 def new generation   total 4928K, used 4510K [0x04750000, 0x04ca0000, 0x09ca0000)
  eden space 4416K, 100% used [0x04750000, 0x04ba0000, 0x04ba0000)
  from space 512K,  18% used [0x04ba0000, 0x04bb7948, 0x04c20000)
  to   space 512K,   0% used [0x04c20000, 0x04c20000, 0x04ca0000)
 tenured generation   total 10944K, used 476K [0x09ca0000, 0x0a750000, 0x14750000)
   the space 10944K,   4% used [0x09ca0000, 0x09d17030, 0x09d17200, 0x0a750000)
 compacting perm gen  total 12288K, used 2260K [0x14750000, 0x15350000, 0x18750000)
   the space 12288K,  18% used [0x14750000, 0x14985240, 0x14985400, 0x15350000)
No shared spaces configured.
Event: 132.786 GC heap after
Heap after GC invocations=51 (full 0):
 def new generation   total 4928K, used 95K [0x04750000, 0x04ca0000, 0x09ca0000)
  eden space 4416K,   0% used [0x04750000, 0x04750000, 0x04ba0000)
  from space 512K,  18% used [0x04c20000, 0x04c37d28, 0x04ca0000)
  to   space 512K,   0% used [0x04ba0000, 0x04ba0000, 0x04c20000)
 tenured generation   total 10944K, used 476K [0x09ca0000, 0x0a750000, 0x14750000)
   the space 10944K,   4% used [0x09ca0000, 0x09d17030, 0x09d17200, 0x0a750000)
 compacting perm gen  total 12288K, used 2260K [0x14750000, 0x15350000, 0x18750000)
   the space 12288K,  18% used [0x14750000, 0x14985240, 0x14985400, 0x15350000)
No shared spaces configured.
}
Event: 133.952 GC heap before
{Heap before GC invocations=51 (full 0):
 def new generation   total 4928K, used 4511K [0x04750000, 0x04ca0000, 0x09ca0000)
  eden space 4416K, 100% used [0x04750000, 0x04ba0000, 0x04ba0000)
  from space 512K,  18% used [0x04c20000, 0x04c37d28, 0x04ca0000)
  to   space 512K,   0% used [0x04ba0000, 0x04ba0000, 0x04c20000)
 tenured generation   total 10944K, used 476K [0x09ca0000, 0x0a750000, 0x14750000)
   the space 10944K,   4% used [0x09ca0000, 0x09d17030, 0x09d17200, 0x0a750000)
 compacting perm gen  total 12288K, used 2260K [0x14750000, 0x15350000, 0x18750000)
   the space 12288K,  18% used [0x14750000, 0x14985240, 0x14985400, 0x15350000)
No shared spaces configured.
Event: 133.952 GC heap after
Heap after GC invocations=52 (full 0):
 def new generation   total 4928K, used 75K [0x04750000, 0x04ca0000, 0x09ca0000)
  eden space 4416K,   0% used [0x04750000, 0x04750000, 0x04ba0000)
  from space 512K,  14% used [0x04ba0000, 0x04bb2c08, 0x04c20000)
  to   space 512K,   0% used [0x04c20000, 0x04c20000, 0x04ca0000)
 tenured generation   total 10944K, used 476K [0x09ca0000, 0x0a750000, 0x14750000)
   the space 10944K,   4% used [0x09ca0000, 0x09d170a0, 0x09d17200, 0x0a750000)
 compacting perm gen  total 12288K, used 2260K [0x14750000, 0x15350000, 0x18750000)
   the space 12288K,  18% used [0x14750000, 0x14985240, 0x14985400, 0x15350000)
No shared spaces configured.
}
Event: 134.425 GC heap before
{Heap before GC invocations=52 (full 0):
 def new generation   total 4928K, used 4491K [0x04750000, 0x04ca0000, 0x09ca0000)
  eden space 4416K, 100% used [0x04750000, 0x04ba0000, 0x04ba0000)
  from space 512K,  14% used [0x04ba0000, 0x04bb2c08, 0x04c20000)
  to   space 512K,   0% used [0x04c20000, 0x04c20000, 0x04ca0000)
 tenured generation   total 10944K, used 476K [0x09ca0000, 0x0a750000, 0x14750000)
   the space 10944K,   4% used [0x09ca0000, 0x09d170a0, 0x09d17200, 0x0a750000)
 compacting perm gen  total 12288K, used 2260K [0x14750000, 0x15350000, 0x18750000)
   the space 12288K,  18% used [0x14750000, 0x14985240, 0x14985400, 0x15350000)
No shared spaces configured.
Event: 134.426 GC heap after
Heap after GC invocations=53 (full 0):
 def new generation   total 4928K, used 88K [0x04750000, 0x04ca0000, 0x09ca0000)
  eden space 4416K,   0% used [0x04750000, 0x04750000, 0x04ba0000)
  from space 512K,  17% used [0x04c20000, 0x04c36320, 0x04ca0000)
  to   space 512K,   0% used [0x04ba0000, 0x04ba0000, 0x04c20000)
 tenured generation   total 10944K, used 477K [0x09ca0000, 0x0a750000, 0x14750000)
   the space 10944K,   4% used [0x09ca0000, 0x09d17458, 0x09d17600, 0x0a750000)
 compacting perm gen  total 12288K, used 2260K [0x14750000, 0x15350000, 0x18750000)
   the space 12288K,  18% used [0x14750000, 0x14985240, 0x14985400, 0x15350000)
No shared spaces configured.
}
Event: 136.128 GC heap before
{Heap before GC invocations=53 (full 0):
 def new generation   total 4928K, used 4504K [0x04750000, 0x04ca0000, 0x09ca0000)
  eden space 4416K, 100% used [0x04750000, 0x04ba0000, 0x04ba0000)
  from space 512K,  17% used [0x04c20000, 0x04c36320, 0x04ca0000)
  to   space 512K,   0% used [0x04ba0000, 0x04ba0000, 0x04c20000)
 tenured generation   total 10944K, used 477K [0x09ca0000, 0x0a750000, 0x14750000)
   the space 10944K,   4% used [0x09ca0000, 0x09d17458, 0x09d17600, 0x0a750000)
 compacting perm gen  total 12288K, used 2260K [0x14750000, 0x15350000, 0x18750000)
   the space 12288K,  18% used [0x14750000, 0x14985240, 0x14985400, 0x15350000)
No shared spaces configured.
Event: 136.128 GC heap after
Heap after GC invocations=54 (full 0):
 def new generation   total 4928K, used 93K [0x04750000, 0x04ca0000, 0x09ca0000)
  eden space 4416K,   0% used [0x04750000, 0x04750000, 0x04ba0000)
  from space 512K,  18% used [0x04ba0000, 0x04bb76c0, 0x04c20000)
  to   space 512K,   0% used [0x04c20000, 0x04c20000, 0x04ca0000)
 tenured generation   total 10944K, used 477K [0x09ca0000, 0x0a750000, 0x14750000)
   the space 10944K,   4% used [0x09ca0000, 0x09d177a0, 0x09d17800, 0x0a750000)
 compacting perm gen  total 12288K, used 2260K [0x14750000, 0x15350000, 0x18750000)
   the space 12288K,  18% used [0x14750000, 0x14985240, 0x14985400, 0x15350000)
No shared spaces configured.
}
Event: 138.449 GC heap before
{Heap before GC invocations=54 (full 0):
 def new generation   total 4928K, used 4509K [0x04750000, 0x04ca0000, 0x09ca0000)
  eden space 4416K, 100% used [0x04750000, 0x04ba0000, 0x04ba0000)
  from space 512K,  18% used [0x04ba0000, 0x04bb76c0, 0x04c20000)
  to   space 512K,   0% used [0x04c20000, 0x04c20000, 0x04ca0000)
 tenured generation   total 10944K, used 477K [0x09ca0000, 0x0a750000, 0x14750000)
   the space 10944K,   4% used [0x09ca0000, 0x09d177a0, 0x09d17800, 0x0a750000)
 compacting perm gen  total 12288K, used 2260K [0x14750000, 0x15350000, 0x18750000)
   the space 12288K,  18% used [0x14750000, 0x14985240, 0x14985400, 0x15350000)
No shared spaces configured.
Event: 138.450 GC heap after
Heap after GC invocations=55 (full 0):
 def new generation   total 4928K, used 98K [0x04750000, 0x04ca0000, 0x09ca0000)
  eden space 4416K,   0% used [0x04750000, 0x04750000, 0x04ba0000)
  from space 512K,  19% used [0x04c20000, 0x04c38898, 0x04ca0000)
  to   space 512K,   0% used [0x04ba0000, 0x04ba0000, 0x04c20000)
 tenured generation   total 10944K, used 478K [0x09ca0000, 0x0a750000, 0x14750000)
   the space 10944K,   4% used [0x09ca0000, 0x09d179d0, 0x09d17a00, 0x0a750000)
 compacting perm gen  total 12288K, used 2260K [0x14750000, 0x15350000, 0x18750000)
   the space 12288K,  18% used [0x14750000, 0x14985240, 0x14985400, 0x15350000)
No shared spaces configured.
}

