# JRE version: Java(TM) SE Runtime Environment (7.0_55-b13) (build 1.7.0_55-b13)
# Java VM: Java HotSpot(TM) Client VM (24.55-b03 mixed mode windows-x86 )
Heap
 def new generation   total 4928K, used 1291K [0x04680000, 0x04bd0000, 0x09bd0000)
  eden space 4416K,  28% used [0x04680000, 0x047be0a0, 0x04ad0000)
  from space 512K,   3% used [0x04b50000, 0x04b54eb8, 0x04bd0000)
  to   space 512K,   0% used [0x04ad0000, 0x04ad0000, 0x04b50000)
 tenured generation   total 10944K, used 423K [0x09bd0000, 0x0a680000, 0x14680000)
   the space 10944K,   3% used [0x09bd0000, 0x09c39f20, 0x09c3a000, 0x0a680000)
 compacting perm gen  total 12288K, used 2253K [0x14680000, 0x15280000, 0x18680000)
   the space 12288K,  18% used [0x14680000, 0x148b3438, 0x148b3600, 0x15280000)
GC Heap History (10 events):
Event: 42.871 GC heap before
{Heap before GC invocations=0 (full 0):
 def new generation   total 4928K, used 4416K [0x04680000, 0x04bd0000, 0x09bd0000)
  eden space 4416K, 100% used [0x04680000, 0x04ad0000, 0x04ad0000)
  from space 512K,   0% used [0x04ad0000, 0x04ad0000, 0x04b50000)
  to   space 512K,   0% used [0x04b50000, 0x04b50000, 0x04bd0000)
 tenured generation   total 10944K, used 0K [0x09bd0000, 0x0a680000, 0x14680000)
   the space 10944K,   0% used [0x09bd0000, 0x09bd0000, 0x09bd0200, 0x0a680000)
 compacting perm gen  total 12288K, used 2251K [0x14680000, 0x15280000, 0x18680000)
   the space 12288K,  18% used [0x14680000, 0x148b2c20, 0x148b2e00, 0x15280000)
No shared spaces configured.
Event: 42.873 GC heap after
Heap after GC invocations=1 (full 0):
 def new generation   total 4928K, used 512K [0x04680000, 0x04bd0000, 0x09bd0000)
  eden space 4416K,   0% used [0x04680000, 0x04680000, 0x04ad0000)
  from space 512K, 100% used [0x04b50000, 0x04bd0000, 0x04bd0000)
  to   space 512K,   0% used [0x04ad0000, 0x04ad0000, 0x04b50000)
 tenured generation   total 10944K, used 45K [0x09bd0000, 0x0a680000, 0x14680000)
   the space 10944K,   0% used [0x09bd0000, 0x09bdb738, 0x09bdb800, 0x0a680000)
 compacting perm gen  total 12288K, used 2251K [0x14680000, 0x15280000, 0x18680000)
   the space 12288K,  18% used [0x14680000, 0x148b2c20, 0x148b2e00, 0x15280000)
No shared spaces configured.
}
Event: 54.762 GC heap before
{Heap before GC invocations=1 (full 0):
 def new generation   total 4928K, used 4928K [0x04680000, 0x04bd0000, 0x09bd0000)
  eden space 4416K, 100% used [0x04680000, 0x04ad0000, 0x04ad0000)
  from space 512K, 100% used [0x04b50000, 0x04bd0000, 0x04bd0000)
  to   space 512K,   0% used [0x04ad0000, 0x04ad0000, 0x04b50000)
 tenured generation   total 10944K, used 45K [0x09bd0000, 0x0a680000, 0x14680000)
   the space 10944K,   0% used [0x09bd0000, 0x09bdb738, 0x09bdb800, 0x0a680000)
 compacting perm gen  total 12288K, used 2253K [0x14680000, 0x15280000, 0x18680000)
   the space 12288K,  18% used [0x14680000, 0x148b3418, 0x148b3600, 0x15280000)
No shared spaces configured.
Event: 54.764 GC heap after
Heap after GC invocations=2 (full 0):
 def new generation   total 4928K, used 4K [0x04680000, 0x04bd0000, 0x09bd0000)
  eden space 4416K,   0% used [0x04680000, 0x04680000, 0x04ad0000)
  from space 512K,   0% used [0x04ad0000, 0x04ad1170, 0x04b50000)
  to   space 512K,   0% used [0x04b50000, 0x04b50000, 0x04bd0000)
 tenured generation   total 10944K, used 423K [0x09bd0000, 0x0a680000, 0x14680000)
   the space 10944K,   3% used [0x09bd0000, 0x09c39f20, 0x09c3a000, 0x0a680000)
 compacting perm gen  total 12288K, used 2253K [0x14680000, 0x15280000, 0x18680000)
   the space 12288K,  18% used [0x14680000, 0x148b3418, 0x148b3600, 0x15280000)
No shared spaces configured.
}
Event: 60.071 GC heap before
{Heap before GC invocations=2 (full 0):
 def new generation   total 4928K, used 4420K [0x04680000, 0x04bd0000, 0x09bd0000)
  eden space 4416K, 100% used [0x04680000, 0x04ad0000, 0x04ad0000)
  from space 512K,   0% used [0x04ad0000, 0x04ad1170, 0x04b50000)
  to   space 512K,   0% used [0x04b50000, 0x04b50000, 0x04bd0000)
 tenured generation   total 10944K, used 423K [0x09bd0000, 0x0a680000, 0x14680000)
   the space 10944K,   3% used [0x09bd0000, 0x09c39f20, 0x09c3a000, 0x0a680000)
 compacting perm gen  total 12288K, used 2253K [0x14680000, 0x15280000, 0x18680000)
   the space 12288K,  18% used [0x14680000, 0x148b3428, 0x148b3600, 0x15280000)
No shared spaces configured.
Event: 60.072 GC heap after
Heap after GC invocations=3 (full 0):
 def new generation   total 4928K, used 8K [0x04680000, 0x04bd0000, 0x09bd0000)
  eden space 4416K,   0% used [0x04680000, 0x04680000, 0x04ad0000)
  from space 512K,   1% used [0x04b50000, 0x04b520d0, 0x04bd0000)
  to   space 512K,   0% used [0x04ad0000, 0x04ad0000, 0x04b50000)
 tenured generation   total 10944K, used 423K [0x09bd0000, 0x0a680000, 0x14680000)
   the space 10944K,   3% used [0x09bd0000, 0x09c39f20, 0x09c3a000, 0x0a680000)
 compacting perm gen  total 12288K, used 2253K [0x14680000, 0x15280000, 0x18680000)
   the space 12288K,  18% used [0x14680000, 0x148b3428, 0x148b3600, 0x15280000)
No shared spaces configured.
}
Event: 150.962 GC heap before
{Heap before GC invocations=3 (full 0):
 def new generation   total 4928K, used 4424K [0x04680000, 0x04bd0000, 0x09bd0000)
  eden space 4416K, 100% used [0x04680000, 0x04ad0000, 0x04ad0000)
  from space 512K,   1% used [0x04b50000, 0x04b520d0, 0x04bd0000)
  to   space 512K,   0% used [0x04ad0000, 0x04ad0000, 0x04b50000)
 tenured generation   total 10944K, used 423K [0x09bd0000, 0x0a680000, 0x14680000)
   the space 10944K,   3% used [0x09bd0000, 0x09c39f20, 0x09c3a000, 0x0a680000)
 compacting perm gen  total 12288K, used 2253K [0x14680000, 0x15280000, 0x18680000)
   the space 12288K,  18% used [0x14680000, 0x148b3428, 0x148b3600, 0x15280000)
No shared spaces configured.
Event: 150.962 GC heap after
Heap after GC invocations=4 (full 0):
 def new generation   total 4928K, used 12K [0x04680000, 0x04bd0000, 0x09bd0000)
  eden space 4416K,   0% used [0x04680000, 0x04680000, 0x04ad0000)
  from space 512K,   2% used [0x04ad0000, 0x04ad33f8, 0x04b50000)
  to   space 512K,   0% used [0x04b50000, 0x04b50000, 0x04bd0000)
 tenured generation   total 10944K, used 423K [0x09bd0000, 0x0a680000, 0x14680000)
   the space 10944K,   3% used [0x09bd0000, 0x09c39f20, 0x09c3a000, 0x0a680000)
 compacting perm gen  total 12288K, used 2253K [0x14680000, 0x15280000, 0x18680000)
   the space 12288K,  18% used [0x14680000, 0x148b3428, 0x148b3600, 0x15280000)
No shared spaces configured.
}
Event: 269.134 GC heap before
{Heap before GC invocations=4 (full 0):
 def new generation   total 4928K, used 4428K [0x04680000, 0x04bd0000, 0x09bd0000)
  eden space 4416K, 100% used [0x04680000, 0x04ad0000, 0x04ad0000)
  from space 512K,   2% used [0x04ad0000, 0x04ad33f8, 0x04b50000)
  to   space 512K,   0% used [0x04b50000, 0x04b50000, 0x04bd0000)
 tenured generation   total 10944K, used 423K [0x09bd0000, 0x0a680000, 0x14680000)
   the space 10944K,   3% used [0x09bd0000, 0x09c39f20, 0x09c3a000, 0x0a680000)
 compacting perm gen  total 12288K, used 2253K [0x14680000, 0x15280000, 0x18680000)
   the space 12288K,  18% used [0x14680000, 0x148b3438, 0x148b3600, 0x15280000)
No shared spaces configured.
Event: 269.134 GC heap after
Heap after GC invocations=5 (full 0):
 def new generation   total 4928K, used 19K [0x04680000, 0x04bd0000, 0x09bd0000)
  eden space 4416K,   0% used [0x04680000, 0x04680000, 0x04ad0000)
  from space 512K,   3% used [0x04b50000, 0x04b54eb8, 0x04bd0000)
  to   space 512K,   0% used [0x04ad0000, 0x04ad0000, 0x04b50000)
 tenured generation   total 10944K, used 423K [0x09bd0000, 0x0a680000, 0x14680000)
   the space 10944K,   3% used [0x09bd0000, 0x09c39f20, 0x09c3a000, 0x0a680000)
 compacting perm gen  total 12288K, used 2253K [0x14680000, 0x15280000, 0x18680000)
   the space 12288K,  18% used [0x14680000, 0x148b3438, 0x148b3600, 0x15280000)
No shared spaces configured.
}

