# JRE version: Java(TM) SE Runtime Environment (7.0_55-b13) (build 1.7.0_55-b13)
# Java VM: Java HotSpot(TM) Client VM (24.55-b03 mixed mode windows-x86 )
Heap
 def new generation   total 4928K, used 3807K [0x04940000, 0x04e90000, 0x09e90000)
  eden space 4416K,  85% used [0x04940000, 0x04cf03d8, 0x04d90000)
  from space 512K,   5% used [0x04e10000, 0x04e17880, 0x04e90000)
  to   space 512K,   0% used [0x04d90000, 0x04d90000, 0x04e10000)
 tenured generation   total 10944K, used 429K [0x09e90000, 0x0a940000, 0x14940000)
   the space 10944K,   3% used [0x09e90000, 0x09efb638, 0x09efb800, 0x0a940000)
 compacting perm gen  total 12288K, used 2252K [0x14940000, 0x15540000, 0x18940000)
   the space 12288K,  18% used [0x14940000, 0x14b73178, 0x14b73200, 0x15540000)
GC Heap History (10 events):
Event: 120.935 GC heap before
{Heap before GC invocations=22 (full 0):
 def new generation   total 4928K, used 4442K [0x04940000, 0x04e90000, 0x09e90000)
  eden space 4416K, 100% used [0x04940000, 0x04d90000, 0x04d90000)
  from space 512K,   5% used [0x04d90000, 0x04d96998, 0x04e10000)
  to   space 512K,   0% used [0x04e10000, 0x04e10000, 0x04e90000)
 tenured generation   total 10944K, used 428K [0x09e90000, 0x0a940000, 0x14940000)
   the space 10944K,   3% used [0x09e90000, 0x09efb018, 0x09efb200, 0x0a940000)
 compacting perm gen  total 12288K, used 2252K [0x14940000, 0x15540000, 0x18940000)
   the space 12288K,  18% used [0x14940000, 0x14b73178, 0x14b73200, 0x15540000)
No shared spaces configured.
Event: 120.935 GC heap after
Heap after GC invocations=23 (full 0):
 def new generation   total 4928K, used 25K [0x04940000, 0x04e90000, 0x09e90000)
  eden space 4416K,   0% used [0x04940000, 0x04940000, 0x04d90000)
  from space 512K,   5% used [0x04e10000, 0x04e167d0, 0x04e90000)
  to   space 512K,   0% used [0x04d90000, 0x04d90000, 0x04e10000)
 tenured generation   total 10944K, used 428K [0x09e90000, 0x0a940000, 0x14940000)
   the space 10944K,   3% used [0x09e90000, 0x09efb168, 0x09efb200, 0x0a940000)
 compacting perm gen  total 12288K, used 2252K [0x14940000, 0x15540000, 0x18940000)
   the space 12288K,  18% used [0x14940000, 0x14b73178, 0x14b73200, 0x15540000)
No shared spaces configured.
}
Event: 126.997 GC heap before
{Heap before GC invocations=23 (full 0):
 def new generation   total 4928K, used 4441K [0x04940000, 0x04e90000, 0x09e90000)
  eden space 4416K, 100% used [0x04940000, 0x04d90000, 0x04d90000)
  from space 512K,   5% used [0x04e10000, 0x04e167d0, 0x04e90000)
  to   space 512K,   0% used [0x04d90000, 0x04d90000, 0x04e10000)
 tenured generation   total 10944K, used 428K [0x09e90000, 0x0a940000, 0x14940000)
   the space 10944K,   3% used [0x09e90000, 0x09efb168, 0x09efb200, 0x0a940000)
 compacting perm gen  total 12288K, used 2252K [0x14940000, 0x15540000, 0x18940000)
   the space 12288K,  18% used [0x14940000, 0x14b73178, 0x14b73200, 0x15540000)
No shared spaces configured.
Event: 126.997 GC heap after
Heap after GC invocations=24 (full 0):
 def new generation   total 4928K, used 31K [0x04940000, 0x04e90000, 0x09e90000)
  eden space 4416K,   0% used [0x04940000, 0x04940000, 0x04d90000)
  from space 512K,   6% used [0x04d90000, 0x04d97d18, 0x04e10000)
  to   space 512K,   0% used [0x04e10000, 0x04e10000, 0x04e90000)
 tenured generation   total 10944K, used 428K [0x09e90000, 0x0a940000, 0x14940000)
   the space 10944K,   3% used [0x09e90000, 0x09efb1d8, 0x09efb200, 0x0a940000)
 compacting perm gen  total 12288K, used 2252K [0x14940000, 0x15540000, 0x18940000)
   the space 12288K,  18% used [0x14940000, 0x14b73178, 0x14b73200, 0x15540000)
No shared spaces configured.
}
Event: 131.576 GC heap before
{Heap before GC invocations=24 (full 0):
 def new generation   total 4928K, used 4447K [0x04940000, 0x04e90000, 0x09e90000)
  eden space 4416K, 100% used [0x04940000, 0x04d90000, 0x04d90000)
  from space 512K,   6% used [0x04d90000, 0x04d97d18, 0x04e10000)
  to   space 512K,   0% used [0x04e10000, 0x04e10000, 0x04e90000)
 tenured generation   total 10944K, used 428K [0x09e90000, 0x0a940000, 0x14940000)
   the space 10944K,   3% used [0x09e90000, 0x09efb1d8, 0x09efb200, 0x0a940000)
 compacting perm gen  total 12288K, used 2252K [0x14940000, 0x15540000, 0x18940000)
   the space 12288K,  18% used [0x14940000, 0x14b73178, 0x14b73200, 0x15540000)
No shared spaces configured.
Event: 131.576 GC heap after
Heap after GC invocations=25 (full 0):
 def new generation   total 4928K, used 31K [0x04940000, 0x04e90000, 0x09e90000)
  eden space 4416K,   0% used [0x04940000, 0x04940000, 0x04d90000)
  from space 512K,   6% used [0x04e10000, 0x04e17da0, 0x04e90000)
  to   space 512K,   0% used [0x04d90000, 0x04d90000, 0x04e10000)
 tenured generation   total 10944K, used 429K [0x09e90000, 0x0a940000, 0x14940000)
   the space 10944K,   3% used [0x09e90000, 0x09efb638, 0x09efb800, 0x0a940000)
 compacting perm gen  total 12288K, used 2252K [0x14940000, 0x15540000, 0x18940000)
   the space 12288K,  18% used [0x14940000, 0x14b73178, 0x14b73200, 0x15540000)
No shared spaces configured.
}
Event: 136.621 GC heap before
{Heap before GC invocations=25 (full 0):
 def new generation   total 4928K, used 4447K [0x04940000, 0x04e90000, 0x09e90000)
  eden space 4416K, 100% used [0x04940000, 0x04d90000, 0x04d90000)
  from space 512K,   6% used [0x04e10000, 0x04e17da0, 0x04e90000)
  to   space 512K,   0% used [0x04d90000, 0x04d90000, 0x04e10000)
 tenured generation   total 10944K, used 429K [0x09e90000, 0x0a940000, 0x14940000)
   the space 10944K,   3% used [0x09e90000, 0x09efb638, 0x09efb800, 0x0a940000)
 compacting perm gen  total 12288K, used 2252K [0x14940000, 0x15540000, 0x18940000)
   the space 12288K,  18% used [0x14940000, 0x14b73178, 0x14b73200, 0x15540000)
No shared spaces configured.
Event: 136.621 GC heap after
Heap after GC invocations=26 (full 0):
 def new generation   total 4928K, used 32K [0x04940000, 0x04e90000, 0x09e90000)
  eden space 4416K,   0% used [0x04940000, 0x04940000, 0x04d90000)
  from space 512K,   6% used [0x04d90000, 0x04d98210, 0x04e10000)
  to   space 512K,   0% used [0x04e10000, 0x04e10000, 0x04e90000)
 tenured generation   total 10944K, used 429K [0x09e90000, 0x0a940000, 0x14940000)
   the space 10944K,   3% used [0x09e90000, 0x09efb638, 0x09efb800, 0x0a940000)
 compacting perm gen  total 12288K, used 2252K [0x14940000, 0x15540000, 0x18940000)
   the space 12288K,  18% used [0x14940000, 0x14b73178, 0x14b73200, 0x15540000)
No shared spaces configured.
}
Event: 142.813 GC heap before
{Heap before GC invocations=26 (full 0):
 def new generation   total 4928K, used 4448K [0x04940000, 0x04e90000, 0x09e90000)
  eden space 4416K, 100% used [0x04940000, 0x04d90000, 0x04d90000)
  from space 512K,   6% used [0x04d90000, 0x04d98210, 0x04e10000)
  to   space 512K,   0% used [0x04e10000, 0x04e10000, 0x04e90000)
 tenured generation   total 10944K, used 429K [0x09e90000, 0x0a940000, 0x14940000)
   the space 10944K,   3% used [0x09e90000, 0x09efb638, 0x09efb800, 0x0a940000)
 compacting perm gen  total 12288K, used 2252K [0x14940000, 0x15540000, 0x18940000)
   the space 12288K,  18% used [0x14940000, 0x14b73178, 0x14b73200, 0x15540000)
No shared spaces configured.
Event: 142.813 GC heap after
Heap after GC invocations=27 (full 0):
 def new generation   total 4928K, used 30K [0x04940000, 0x04e90000, 0x09e90000)
  eden space 4416K,   0% used [0x04940000, 0x04940000, 0x04d90000)
  from space 512K,   5% used [0x04e10000, 0x04e17880, 0x04e90000)
  to   space 512K,   0% used [0x04d90000, 0x04d90000, 0x04e10000)
 tenured generation   total 10944K, used 429K [0x09e90000, 0x0a940000, 0x14940000)
   the space 10944K,   3% used [0x09e90000, 0x09efb638, 0x09efb800, 0x0a940000)
 compacting perm gen  total 12288K, used 2252K [0x14940000, 0x15540000, 0x18940000)
   the space 12288K,  18% used [0x14940000, 0x14b73178, 0x14b73200, 0x15540000)
No shared spaces configured.
}

