# JRE version: Java(TM) SE Runtime Environment (7.0_55-b13) (build 1.7.0_55-b13)
# Java VM: Java HotSpot(TM) Client VM (24.55-b03 mixed mode windows-x86 )
Heap
 def new generation   total 4928K, used 1410K [0x049a0000, 0x04ef0000, 0x09ef0000)
  eden space 4416K,  31% used [0x049a0000, 0x04af9aa8, 0x04df0000)
  from space 512K,   5% used [0x04e70000, 0x04e76fc0, 0x04ef0000)
  to   space 512K,   0% used [0x04df0000, 0x04df0000, 0x04e70000)
 tenured generation   total 10944K, used 433K [0x09ef0000, 0x0a9a0000, 0x149a0000)
   the space 10944K,   3% used [0x09ef0000, 0x09f5c438, 0x09f5c600, 0x0a9a0000)
 compacting perm gen  total 12288K, used 2253K [0x149a0000, 0x155a0000, 0x189a0000)
   the space 12288K,  18% used [0x149a0000, 0x14bd3468, 0x14bd3600, 0x155a0000)
GC Heap History (10 events):
Event: 460.696 GC heap before
{Heap before GC invocations=16 (full 0):
 def new generation   total 4928K, used 4450K [0x049a0000, 0x04ef0000, 0x09ef0000)
  eden space 4416K, 100% used [0x049a0000, 0x04df0000, 0x04df0000)
  from space 512K,   6% used [0x04df0000, 0x04df8938, 0x04e70000)
  to   space 512K,   0% used [0x04e70000, 0x04e70000, 0x04ef0000)
 tenured generation   total 10944K, used 423K [0x09ef0000, 0x0a9a0000, 0x149a0000)
   the space 10944K,   3% used [0x09ef0000, 0x09f59da0, 0x09f59e00, 0x0a9a0000)
 compacting perm gen  total 12288K, used 2253K [0x149a0000, 0x155a0000, 0x189a0000)
   the space 12288K,  18% used [0x149a0000, 0x14bd3458, 0x14bd3600, 0x155a0000)
No shared spaces configured.
Event: 460.696 GC heap after
Heap after GC invocations=17 (full 0):
 def new generation   total 4928K, used 26K [0x049a0000, 0x04ef0000, 0x09ef0000)
  eden space 4416K,   0% used [0x049a0000, 0x049a0000, 0x04df0000)
  from space 512K,   5% used [0x04e70000, 0x04e76b48, 0x04ef0000)
  to   space 512K,   0% used [0x04df0000, 0x04df0000, 0x04e70000)
 tenured generation   total 10944K, used 426K [0x09ef0000, 0x0a9a0000, 0x149a0000)
   the space 10944K,   3% used [0x09ef0000, 0x09f5a918, 0x09f5aa00, 0x0a9a0000)
 compacting perm gen  total 12288K, used 2253K [0x149a0000, 0x155a0000, 0x189a0000)
   the space 12288K,  18% used [0x149a0000, 0x14bd3458, 0x14bd3600, 0x155a0000)
No shared spaces configured.
}
Event: 460.902 GC heap before
{Heap before GC invocations=17 (full 0):
 def new generation   total 4928K, used 4442K [0x049a0000, 0x04ef0000, 0x09ef0000)
  eden space 4416K, 100% used [0x049a0000, 0x04df0000, 0x04df0000)
  from space 512K,   5% used [0x04e70000, 0x04e76b48, 0x04ef0000)
  to   space 512K,   0% used [0x04df0000, 0x04df0000, 0x04e70000)
 tenured generation   total 10944K, used 426K [0x09ef0000, 0x0a9a0000, 0x149a0000)
   the space 10944K,   3% used [0x09ef0000, 0x09f5a918, 0x09f5aa00, 0x0a9a0000)
 compacting perm gen  total 12288K, used 2253K [0x149a0000, 0x155a0000, 0x189a0000)
   the space 12288K,  18% used [0x149a0000, 0x14bd3458, 0x14bd3600, 0x155a0000)
No shared spaces configured.
Event: 460.903 GC heap after
Heap after GC invocations=18 (full 0):
 def new generation   total 4928K, used 23K [0x049a0000, 0x04ef0000, 0x09ef0000)
  eden space 4416K,   0% used [0x049a0000, 0x049a0000, 0x04df0000)
  from space 512K,   4% used [0x04df0000, 0x04df5cd8, 0x04e70000)
  to   space 512K,   0% used [0x04e70000, 0x04e70000, 0x04ef0000)
 tenured generation   total 10944K, used 428K [0x09ef0000, 0x0a9a0000, 0x149a0000)
   the space 10944K,   3% used [0x09ef0000, 0x09f5b088, 0x09f5b200, 0x0a9a0000)
 compacting perm gen  total 12288K, used 2253K [0x149a0000, 0x155a0000, 0x189a0000)
   the space 12288K,  18% used [0x149a0000, 0x14bd3458, 0x14bd3600, 0x155a0000)
No shared spaces configured.
}
Event: 461.246 GC heap before
{Heap before GC invocations=18 (full 0):
 def new generation   total 4928K, used 4439K [0x049a0000, 0x04ef0000, 0x09ef0000)
  eden space 4416K, 100% used [0x049a0000, 0x04df0000, 0x04df0000)
  from space 512K,   4% used [0x04df0000, 0x04df5cd8, 0x04e70000)
  to   space 512K,   0% used [0x04e70000, 0x04e70000, 0x04ef0000)
 tenured generation   total 10944K, used 428K [0x09ef0000, 0x0a9a0000, 0x149a0000)
   the space 10944K,   3% used [0x09ef0000, 0x09f5b088, 0x09f5b200, 0x0a9a0000)
 compacting perm gen  total 12288K, used 2253K [0x149a0000, 0x155a0000, 0x189a0000)
   the space 12288K,  18% used [0x149a0000, 0x14bd3458, 0x14bd3600, 0x155a0000)
No shared spaces configured.
Event: 461.246 GC heap after
Heap after GC invocations=19 (full 0):
 def new generation   total 4928K, used 26K [0x049a0000, 0x04ef0000, 0x09ef0000)
  eden space 4416K,   0% used [0x049a0000, 0x049a0000, 0x04df0000)
  from space 512K,   5% used [0x04e70000, 0x04e76b38, 0x04ef0000)
  to   space 512K,   0% used [0x04df0000, 0x04df0000, 0x04e70000)
 tenured generation   total 10944K, used 430K [0x09ef0000, 0x0a9a0000, 0x149a0000)
   the space 10944K,   3% used [0x09ef0000, 0x09f5bbe8, 0x09f5bc00, 0x0a9a0000)
 compacting perm gen  total 12288K, used 2253K [0x149a0000, 0x155a0000, 0x189a0000)
   the space 12288K,  18% used [0x149a0000, 0x14bd3458, 0x14bd3600, 0x155a0000)
No shared spaces configured.
}
Event: 470.765 GC heap before
{Heap before GC invocations=19 (full 0):
 def new generation   total 4928K, used 4442K [0x049a0000, 0x04ef0000, 0x09ef0000)
  eden space 4416K, 100% used [0x049a0000, 0x04df0000, 0x04df0000)
  from space 512K,   5% used [0x04e70000, 0x04e76b38, 0x04ef0000)
  to   space 512K,   0% used [0x04df0000, 0x04df0000, 0x04e70000)
 tenured generation   total 10944K, used 430K [0x09ef0000, 0x0a9a0000, 0x149a0000)
   the space 10944K,   3% used [0x09ef0000, 0x09f5bbe8, 0x09f5bc00, 0x0a9a0000)
 compacting perm gen  total 12288K, used 2253K [0x149a0000, 0x155a0000, 0x189a0000)
   the space 12288K,  18% used [0x149a0000, 0x14bd3458, 0x14bd3600, 0x155a0000)
No shared spaces configured.
Event: 470.765 GC heap after
Heap after GC invocations=20 (full 0):
 def new generation   total 4928K, used 27K [0x049a0000, 0x04ef0000, 0x09ef0000)
  eden space 4416K,   0% used [0x049a0000, 0x049a0000, 0x04df0000)
  from space 512K,   5% used [0x04df0000, 0x04df6d98, 0x04e70000)
  to   space 512K,   0% used [0x04e70000, 0x04e70000, 0x04ef0000)
 tenured generation   total 10944K, used 433K [0x09ef0000, 0x0a9a0000, 0x149a0000)
   the space 10944K,   3% used [0x09ef0000, 0x09f5c438, 0x09f5c600, 0x0a9a0000)
 compacting perm gen  total 12288K, used 2253K [0x149a0000, 0x155a0000, 0x189a0000)
   the space 12288K,  18% used [0x149a0000, 0x14bd3458, 0x14bd3600, 0x155a0000)
No shared spaces configured.
}
Event: 487.526 GC heap before
{Heap before GC invocations=20 (full 0):
 def new generation   total 4928K, used 4443K [0x049a0000, 0x04ef0000, 0x09ef0000)
  eden space 4416K, 100% used [0x049a0000, 0x04df0000, 0x04df0000)
  from space 512K,   5% used [0x04df0000, 0x04df6d98, 0x04e70000)
  to   space 512K,   0% used [0x04e70000, 0x04e70000, 0x04ef0000)
 tenured generation   total 10944K, used 433K [0x09ef0000, 0x0a9a0000, 0x149a0000)
   the space 10944K,   3% used [0x09ef0000, 0x09f5c438, 0x09f5c600, 0x0a9a0000)
 compacting perm gen  total 12288K, used 2253K [0x149a0000, 0x155a0000, 0x189a0000)
   the space 12288K,  18% used [0x149a0000, 0x14bd3458, 0x14bd3600, 0x155a0000)
No shared spaces configured.
Event: 487.527 GC heap after
Heap after GC invocations=21 (full 0):
 def new generation   total 4928K, used 27K [0x049a0000, 0x04ef0000, 0x09ef0000)
  eden space 4416K,   0% used [0x049a0000, 0x049a0000, 0x04df0000)
  from space 512K,   5% used [0x04e70000, 0x04e76fc0, 0x04ef0000)
  to   space 512K,   0% used [0x04df0000, 0x04df0000, 0x04e70000)
 tenured generation   total 10944K, used 433K [0x09ef0000, 0x0a9a0000, 0x149a0000)
   the space 10944K,   3% used [0x09ef0000, 0x09f5c438, 0x09f5c600, 0x0a9a0000)
 compacting perm gen  total 12288K, used 2253K [0x149a0000, 0x155a0000, 0x189a0000)
   the space 12288K,  18% used [0x149a0000, 0x14bd3458, 0x14bd3600, 0x155a0000)
No shared spaces configured.
}

