# JRE version: Java(TM) SE Runtime Environment (7.0_55-b13) (build 1.7.0_55-b13)
# Java VM: Java HotSpot(TM) Client VM (24.55-b03 mixed mode windows-x86 )
Heap
 def new generation   total 4928K, used 3963K [0x046d0000, 0x04c20000, 0x09c20000)
  eden space 4416K,  89% used [0x046d0000, 0x04aa6e08, 0x04b20000)
  from space 512K,   6% used [0x04ba0000, 0x04ba7e18, 0x04c20000)
  to   space 512K,   0% used [0x04b20000, 0x04b20000, 0x04ba0000)
 tenured generation   total 10944K, used 469K [0x09c20000, 0x0a6d0000, 0x146d0000)
   the space 10944K,   4% used [0x09c20000, 0x09c95448, 0x09c95600, 0x0a6d0000)
 compacting perm gen  total 12288K, used 2261K [0x146d0000, 0x152d0000, 0x186d0000)
   the space 12288K,  18% used [0x146d0000, 0x149055f8, 0x14905600, 0x152d0000)
GC Heap History (10 events):
Event: 381.899 GC heap before
{Heap before GC invocations=66 (full 0):
 def new generation   total 4928K, used 4421K [0x046d0000, 0x04c20000, 0x09c20000)
  eden space 4416K, 100% used [0x046d0000, 0x04b20000, 0x04b20000)
  from space 512K,   0% used [0x04b20000, 0x04b21428, 0x04ba0000)
  to   space 512K,   0% used [0x04ba0000, 0x04ba0000, 0x04c20000)
 tenured generation   total 10944K, used 467K [0x09c20000, 0x0a6d0000, 0x146d0000)
   the space 10944K,   4% used [0x09c20000, 0x09c94fe8, 0x09c95000, 0x0a6d0000)
 compacting perm gen  total 12288K, used 2261K [0x146d0000, 0x152d0000, 0x186d0000)
   the space 12288K,  18% used [0x146d0000, 0x149055f8, 0x14905600, 0x152d0000)
No shared spaces configured.
Event: 381.900 GC heap after
Heap after GC invocations=67 (full 0):
 def new generation   total 4928K, used 11K [0x046d0000, 0x04c20000, 0x09c20000)
  eden space 4416K,   0% used [0x046d0000, 0x046d0000, 0x04b20000)
  from space 512K,   2% used [0x04ba0000, 0x04ba2c70, 0x04c20000)
  to   space 512K,   0% used [0x04b20000, 0x04b20000, 0x04ba0000)
 tenured generation   total 10944K, used 467K [0x09c20000, 0x0a6d0000, 0x146d0000)
   the space 10944K,   4% used [0x09c20000, 0x09c94fe8, 0x09c95000, 0x0a6d0000)
 compacting perm gen  total 12288K, used 2261K [0x146d0000, 0x152d0000, 0x186d0000)
   the space 12288K,  18% used [0x146d0000, 0x149055f8, 0x14905600, 0x152d0000)
No shared spaces configured.
}
Event: 382.168 GC heap before
{Heap before GC invocations=67 (full 0):
 def new generation   total 4928K, used 4427K [0x046d0000, 0x04c20000, 0x09c20000)
  eden space 4416K, 100% used [0x046d0000, 0x04b20000, 0x04b20000)
  from space 512K,   2% used [0x04ba0000, 0x04ba2c70, 0x04c20000)
  to   space 512K,   0% used [0x04b20000, 0x04b20000, 0x04ba0000)
 tenured generation   total 10944K, used 467K [0x09c20000, 0x0a6d0000, 0x146d0000)
   the space 10944K,   4% used [0x09c20000, 0x09c94fe8, 0x09c95000, 0x0a6d0000)
 compacting perm gen  total 12288K, used 2261K [0x146d0000, 0x152d0000, 0x186d0000)
   the space 12288K,  18% used [0x146d0000, 0x149055f8, 0x14905600, 0x152d0000)
No shared spaces configured.
Event: 382.168 GC heap after
Heap after GC invocations=68 (full 0):
 def new generation   total 4928K, used 15K [0x046d0000, 0x04c20000, 0x09c20000)
  eden space 4416K,   0% used [0x046d0000, 0x046d0000, 0x04b20000)
  from space 512K,   3% used [0x04b20000, 0x04b23f38, 0x04ba0000)
  to   space 512K,   0% used [0x04ba0000, 0x04ba0000, 0x04c20000)
 tenured generation   total 10944K, used 468K [0x09c20000, 0x0a6d0000, 0x146d0000)
   the space 10944K,   4% used [0x09c20000, 0x09c95058, 0x09c95200, 0x0a6d0000)
 compacting perm gen  total 12288K, used 2261K [0x146d0000, 0x152d0000, 0x186d0000)
   the space 12288K,  18% used [0x146d0000, 0x149055f8, 0x14905600, 0x152d0000)
No shared spaces configured.
}
Event: 383.430 GC heap before
{Heap before GC invocations=68 (full 0):
 def new generation   total 4928K, used 4431K [0x046d0000, 0x04c20000, 0x09c20000)
  eden space 4416K, 100% used [0x046d0000, 0x04b20000, 0x04b20000)
  from space 512K,   3% used [0x04b20000, 0x04b23f38, 0x04ba0000)
  to   space 512K,   0% used [0x04ba0000, 0x04ba0000, 0x04c20000)
 tenured generation   total 10944K, used 468K [0x09c20000, 0x0a6d0000, 0x146d0000)
   the space 10944K,   4% used [0x09c20000, 0x09c95058, 0x09c95200, 0x0a6d0000)
 compacting perm gen  total 12288K, used 2261K [0x146d0000, 0x152d0000, 0x186d0000)
   the space 12288K,  18% used [0x146d0000, 0x149055f8, 0x14905600, 0x152d0000)
No shared spaces configured.
Event: 383.430 GC heap after
Heap after GC invocations=69 (full 0):
 def new generation   total 4928K, used 21K [0x046d0000, 0x04c20000, 0x09c20000)
  eden space 4416K,   0% used [0x046d0000, 0x046d0000, 0x04b20000)
  from space 512K,   4% used [0x04ba0000, 0x04ba56b0, 0x04c20000)
  to   space 512K,   0% used [0x04b20000, 0x04b20000, 0x04ba0000)
 tenured generation   total 10944K, used 468K [0x09c20000, 0x0a6d0000, 0x146d0000)
   the space 10944K,   4% used [0x09c20000, 0x09c953d8, 0x09c95400, 0x0a6d0000)
 compacting perm gen  total 12288K, used 2261K [0x146d0000, 0x152d0000, 0x186d0000)
   the space 12288K,  18% used [0x146d0000, 0x149055f8, 0x14905600, 0x152d0000)
No shared spaces configured.
}
Event: 383.555 GC heap before
{Heap before GC invocations=69 (full 0):
 def new generation   total 4928K, used 4437K [0x046d0000, 0x04c20000, 0x09c20000)
  eden space 4416K, 100% used [0x046d0000, 0x04b20000, 0x04b20000)
  from space 512K,   4% used [0x04ba0000, 0x04ba56b0, 0x04c20000)
  to   space 512K,   0% used [0x04b20000, 0x04b20000, 0x04ba0000)
 tenured generation   total 10944K, used 468K [0x09c20000, 0x0a6d0000, 0x146d0000)
   the space 10944K,   4% used [0x09c20000, 0x09c953d8, 0x09c95400, 0x0a6d0000)
 compacting perm gen  total 12288K, used 2261K [0x146d0000, 0x152d0000, 0x186d0000)
   the space 12288K,  18% used [0x146d0000, 0x149055f8, 0x14905600, 0x152d0000)
No shared spaces configured.
Event: 383.555 GC heap after
Heap after GC invocations=70 (full 0):
 def new generation   total 4928K, used 26K [0x046d0000, 0x04c20000, 0x09c20000)
  eden space 4416K,   0% used [0x046d0000, 0x046d0000, 0x04b20000)
  from space 512K,   5% used [0x04b20000, 0x04b26ba0, 0x04ba0000)
  to   space 512K,   0% used [0x04ba0000, 0x04ba0000, 0x04c20000)
 tenured generation   total 10944K, used 468K [0x09c20000, 0x0a6d0000, 0x146d0000)
   the space 10944K,   4% used [0x09c20000, 0x09c953d8, 0x09c95400, 0x0a6d0000)
 compacting perm gen  total 12288K, used 2261K [0x146d0000, 0x152d0000, 0x186d0000)
   the space 12288K,  18% used [0x146d0000, 0x149055f8, 0x14905600, 0x152d0000)
No shared spaces configured.
}
Event: 384.214 GC heap before
{Heap before GC invocations=70 (full 0):
 def new generation   total 4928K, used 4442K [0x046d0000, 0x04c20000, 0x09c20000)
  eden space 4416K, 100% used [0x046d0000, 0x04b20000, 0x04b20000)
  from space 512K,   5% used [0x04b20000, 0x04b26ba0, 0x04ba0000)
  to   space 512K,   0% used [0x04ba0000, 0x04ba0000, 0x04c20000)
 tenured generation   total 10944K, used 468K [0x09c20000, 0x0a6d0000, 0x146d0000)
   the space 10944K,   4% used [0x09c20000, 0x09c953d8, 0x09c95400, 0x0a6d0000)
 compacting perm gen  total 12288K, used 2261K [0x146d0000, 0x152d0000, 0x186d0000)
   the space 12288K,  18% used [0x146d0000, 0x149055f8, 0x14905600, 0x152d0000)
No shared spaces configured.
Event: 384.214 GC heap after
Heap after GC invocations=71 (full 0):
 def new generation   total 4928K, used 31K [0x046d0000, 0x04c20000, 0x09c20000)
  eden space 4416K,   0% used [0x046d0000, 0x046d0000, 0x04b20000)
  from space 512K,   6% used [0x04ba0000, 0x04ba7e18, 0x04c20000)
  to   space 512K,   0% used [0x04b20000, 0x04b20000, 0x04ba0000)
 tenured generation   total 10944K, used 469K [0x09c20000, 0x0a6d0000, 0x146d0000)
   the space 10944K,   4% used [0x09c20000, 0x09c95448, 0x09c95600, 0x0a6d0000)
 compacting perm gen  total 12288K, used 2261K [0x146d0000, 0x152d0000, 0x186d0000)
   the space 12288K,  18% used [0x146d0000, 0x149055f8, 0x14905600, 0x152d0000)
No shared spaces configured.
}

