# JRE version: Java(TM) SE Runtime Environment (7.0_55-b13) (build 1.7.0_55-b13)
# Java VM: Java HotSpot(TM) Client VM (24.55-b03 mixed mode, sharing windows-x86 )
Heap
 def new generation   total 4928K, used 719K [0x247b0000, 0x24d00000, 0x29d00000)
  eden space 4416K,  16% used [0x247b0000, 0x24862020, 0x24c00000)
  from space 512K,   1% used [0x24c80000, 0x24c81d68, 0x24d00000)
  to   space 512K,   0% used [0x24c00000, 0x24c00000, 0x24c80000)
 tenured generation   total 10944K, used 316K [0x29d00000, 0x2a7b0000, 0x347b0000)
   the space 10944K,   2% used [0x29d00000, 0x29d4f038, 0x29d4f200, 0x2a7b0000)
 compacting perm gen  total 12288K, used 661K [0x347b0000, 0x353b0000, 0x387b0000)
   the space 12288K,   5% used [0x347b0000, 0x348556f8, 0x34855800, 0x353b0000)
    ro space 10240K,  44% used [0x387b0000, 0x38c28300, 0x38c28400, 0x391b0000)
    rw space 12288K,  52% used [0x391b0000, 0x397ff100, 0x397ff200, 0x39db0000)
GC Heap History (6 events):
Event: 38.467 GC heap before
{Heap before GC invocations=0 (full 0):
 def new generation   total 4928K, used 4416K [0x247b0000, 0x24d00000, 0x29d00000)
  eden space 4416K, 100% used [0x247b0000, 0x24c00000, 0x24c00000)
  from space 512K,   0% used [0x24c00000, 0x24c00000, 0x24c80000)
  to   space 512K,   0% used [0x24c80000, 0x24c80000, 0x24d00000)
 tenured generation   total 10944K, used 0K [0x29d00000, 0x2a7b0000, 0x347b0000)
   the space 10944K,   0% used [0x29d00000, 0x29d00000, 0x29d00200, 0x2a7b0000)
 compacting perm gen  total 12288K, used 645K [0x347b0000, 0x353b0000, 0x387b0000)
   the space 12288K,   5% used [0x347b0000, 0x34851510, 0x34851600, 0x353b0000)
    ro space 10240K,  44% used [0x387b0000, 0x38c28300, 0x38c28400, 0x391b0000)
    rw space 12288K,  52% used [0x391b0000, 0x397ff100, 0x397ff200, 0x39db0000)
Event: 38.469 GC heap after
Heap after GC invocations=1 (full 0):
 def new generation   total 4928K, used 495K [0x247b0000, 0x24d00000, 0x29d00000)
  eden space 4416K,   0% used [0x247b0000, 0x247b0000, 0x24c00000)
  from space 512K,  96% used [0x24c80000, 0x24cfbed8, 0x24d00000)
  to   space 512K,   0% used [0x24c00000, 0x24c00000, 0x24c80000)
 tenured generation   total 10944K, used 0K [0x29d00000, 0x2a7b0000, 0x347b0000)
   the space 10944K,   0% used [0x29d00000, 0x29d00000, 0x29d00200, 0x2a7b0000)
 compacting perm gen  total 12288K, used 645K [0x347b0000, 0x353b0000, 0x387b0000)
   the space 12288K,   5% used [0x347b0000, 0x34851510, 0x34851600, 0x353b0000)
    ro space 10240K,  44% used [0x387b0000, 0x38c28300, 0x38c28400, 0x391b0000)
    rw space 12288K,  52% used [0x391b0000, 0x397ff100, 0x397ff200, 0x39db0000)
}
Event: 64.686 GC heap before
{Heap before GC invocations=1 (full 0):
 def new generation   total 4928K, used 4911K [0x247b0000, 0x24d00000, 0x29d00000)
  eden space 4416K, 100% used [0x247b0000, 0x24c00000, 0x24c00000)
  from space 512K,  96% used [0x24c80000, 0x24cfbed8, 0x24d00000)
  to   space 512K,   0% used [0x24c00000, 0x24c00000, 0x24c80000)
 tenured generation   total 10944K, used 0K [0x29d00000, 0x2a7b0000, 0x347b0000)
   the space 10944K,   0% used [0x29d00000, 0x29d00000, 0x29d00200, 0x2a7b0000)
 compacting perm gen  total 12288K, used 661K [0x347b0000, 0x353b0000, 0x387b0000)
   the space 12288K,   5% used [0x347b0000, 0x348556e8, 0x34855800, 0x353b0000)
    ro space 10240K,  44% used [0x387b0000, 0x38c28300, 0x38c28400, 0x391b0000)
    rw space 12288K,  52% used [0x391b0000, 0x397ff100, 0x397ff200, 0x39db0000)
Event: 64.687 GC heap after
Heap after GC invocations=2 (full 0):
 def new generation   total 4928K, used 7K [0x247b0000, 0x24d00000, 0x29d00000)
  eden space 4416K,   0% used [0x247b0000, 0x247b0000, 0x24c00000)
  from space 512K,   1% used [0x24c00000, 0x24c01d78, 0x24c80000)
  to   space 512K,   0% used [0x24c80000, 0x24c80000, 0x24d00000)
 tenured generation   total 10944K, used 316K [0x29d00000, 0x2a7b0000, 0x347b0000)
   the space 10944K,   2% used [0x29d00000, 0x29d4f038, 0x29d4f200, 0x2a7b0000)
 compacting perm gen  total 12288K, used 661K [0x347b0000, 0x353b0000, 0x387b0000)
   the space 12288K,   5% used [0x347b0000, 0x348556e8, 0x34855800, 0x353b0000)
    ro space 10240K,  44% used [0x387b0000, 0x38c28300, 0x38c28400, 0x391b0000)
    rw space 12288K,  52% used [0x391b0000, 0x397ff100, 0x397ff200, 0x39db0000)
}
Event: 91.186 GC heap before
{Heap before GC invocations=2 (full 0):
 def new generation   total 4928K, used 4423K [0x247b0000, 0x24d00000, 0x29d00000)
  eden space 4416K, 100% used [0x247b0000, 0x24c00000, 0x24c00000)
  from space 512K,   1% used [0x24c00000, 0x24c01d78, 0x24c80000)
  to   space 512K,   0% used [0x24c80000, 0x24c80000, 0x24d00000)
 tenured generation   total 10944K, used 316K [0x29d00000, 0x2a7b0000, 0x347b0000)
   the space 10944K,   2% used [0x29d00000, 0x29d4f038, 0x29d4f200, 0x2a7b0000)
 compacting perm gen  total 12288K, used 661K [0x347b0000, 0x353b0000, 0x387b0000)
   the space 12288K,   5% used [0x347b0000, 0x348556e8, 0x34855800, 0x353b0000)
    ro space 10240K,  44% used [0x387b0000, 0x38c28300, 0x38c28400, 0x391b0000)
    rw space 12288K,  52% used [0x391b0000, 0x397ff100, 0x397ff200, 0x39db0000)
Event: 91.187 GC heap after
Heap after GC invocations=3 (full 0):
 def new generation   total 4928K, used 7K [0x247b0000, 0x24d00000, 0x29d00000)
  eden space 4416K,   0% used [0x247b0000, 0x247b0000, 0x24c00000)
  from space 512K,   1% used [0x24c80000, 0x24c81d68, 0x24d00000)
  to   space 512K,   0% used [0x24c00000, 0x24c00000, 0x24c80000)
 tenured generation   total 10944K, used 316K [0x29d00000, 0x2a7b0000, 0x347b0000)
   the space 10944K,   2% used [0x29d00000, 0x29d4f038, 0x29d4f200, 0x2a7b0000)
 compacting perm gen  total 12288K, used 661K [0x347b0000, 0x353b0000, 0x387b0000)
   the space 12288K,   5% used [0x347b0000, 0x348556e8, 0x34855800, 0x353b0000)
    ro space 10240K,  44% used [0x387b0000, 0x38c28300, 0x38c28400, 0x391b0000)
    rw space 12288K,  52% used [0x391b0000, 0x397ff100, 0x397ff200, 0x39db0000)
}

