# JRE version: Java(TM) SE Runtime Environment (7.0_55-b13) (build 1.7.0_55-b13)
# Java VM: Java HotSpot(TM) Client VM (24.55-b03 mixed mode windows-x86 )
Heap
 def new generation   total 4928K, used 958K [0x04960000, 0x04eb0000, 0x09eb0000)
  eden space 4416K,  20% used [0x04960000, 0x04a42fb8, 0x04db0000)
  from space 512K,   9% used [0x04e30000, 0x04e3c9d0, 0x04eb0000)
  to   space 512K,   0% used [0x04db0000, 0x04db0000, 0x04e30000)
 tenured generation   total 10944K, used 463K [0x09eb0000, 0x0a960000, 0x14960000)
   the space 10944K,   4% used [0x09eb0000, 0x09f23f58, 0x09f24000, 0x0a960000)
 compacting perm gen  total 12288K, used 2260K [0x14960000, 0x15560000, 0x18960000)
   the space 12288K,  18% used [0x14960000, 0x14b95348, 0x14b95400, 0x15560000)
GC Heap History (10 events):
Event: 168.863 GC heap before
{Heap before GC invocations=54 (full 0):
 def new generation   total 4928K, used 4442K [0x04960000, 0x04eb0000, 0x09eb0000)
  eden space 4416K, 100% used [0x04960000, 0x04db0000, 0x04db0000)
  from space 512K,   5% used [0x04db0000, 0x04db6b60, 0x04e30000)
  to   space 512K,   0% used [0x04e30000, 0x04e30000, 0x04eb0000)
 tenured generation   total 10944K, used 460K [0x09eb0000, 0x0a960000, 0x14960000)
   the space 10944K,   4% used [0x09eb0000, 0x09f23388, 0x09f23400, 0x0a960000)
 compacting perm gen  total 12288K, used 2260K [0x14960000, 0x15560000, 0x18960000)
   the space 12288K,  18% used [0x14960000, 0x14b95348, 0x14b95400, 0x15560000)
No shared spaces configured.
Event: 168.863 GC heap after
Heap after GC invocations=55 (full 0):
 def new generation   total 4928K, used 20K [0x04960000, 0x04eb0000, 0x09eb0000)
  eden space 4416K,   0% used [0x04960000, 0x04960000, 0x04db0000)
  from space 512K,   3% used [0x04e30000, 0x04e35178, 0x04eb0000)
  to   space 512K,   0% used [0x04db0000, 0x04db0000, 0x04e30000)
 tenured generation   total 10944K, used 461K [0x09eb0000, 0x0a960000, 0x14960000)
   the space 10944K,   4% used [0x09eb0000, 0x09f235b8, 0x09f23600, 0x0a960000)
 compacting perm gen  total 12288K, used 2260K [0x14960000, 0x15560000, 0x18960000)
   the space 12288K,  18% used [0x14960000, 0x14b95348, 0x14b95400, 0x15560000)
No shared spaces configured.
}
Event: 168.990 GC heap before
{Heap before GC invocations=55 (full 0):
 def new generation   total 4928K, used 4436K [0x04960000, 0x04eb0000, 0x09eb0000)
  eden space 4416K, 100% used [0x04960000, 0x04db0000, 0x04db0000)
  from space 512K,   3% used [0x04e30000, 0x04e35178, 0x04eb0000)
  to   space 512K,   0% used [0x04db0000, 0x04db0000, 0x04e30000)
 tenured generation   total 10944K, used 461K [0x09eb0000, 0x0a960000, 0x14960000)
   the space 10944K,   4% used [0x09eb0000, 0x09f235b8, 0x09f23600, 0x0a960000)
 compacting perm gen  total 12288K, used 2260K [0x14960000, 0x15560000, 0x18960000)
   the space 12288K,  18% used [0x14960000, 0x14b95348, 0x14b95400, 0x15560000)
No shared spaces configured.
Event: 168.991 GC heap after
Heap after GC invocations=56 (full 0):
 def new generation   total 4928K, used 31K [0x04960000, 0x04eb0000, 0x09eb0000)
  eden space 4416K,   0% used [0x04960000, 0x04960000, 0x04db0000)
  from space 512K,   6% used [0x04db0000, 0x04db7d58, 0x04e30000)
  to   space 512K,   0% used [0x04e30000, 0x04e30000, 0x04eb0000)
 tenured generation   total 10944K, used 462K [0x09eb0000, 0x0a960000, 0x14960000)
   the space 10944K,   4% used [0x09eb0000, 0x09f239a8, 0x09f23a00, 0x0a960000)
 compacting perm gen  total 12288K, used 2260K [0x14960000, 0x15560000, 0x18960000)
   the space 12288K,  18% used [0x14960000, 0x14b95348, 0x14b95400, 0x15560000)
No shared spaces configured.
}
Event: 169.121 GC heap before
{Heap before GC invocations=56 (full 0):
 def new generation   total 4928K, used 4447K [0x04960000, 0x04eb0000, 0x09eb0000)
  eden space 4416K, 100% used [0x04960000, 0x04db0000, 0x04db0000)
  from space 512K,   6% used [0x04db0000, 0x04db7d58, 0x04e30000)
  to   space 512K,   0% used [0x04e30000, 0x04e30000, 0x04eb0000)
 tenured generation   total 10944K, used 462K [0x09eb0000, 0x0a960000, 0x14960000)
   the space 10944K,   4% used [0x09eb0000, 0x09f239a8, 0x09f23a00, 0x0a960000)
 compacting perm gen  total 12288K, used 2260K [0x14960000, 0x15560000, 0x18960000)
   the space 12288K,  18% used [0x14960000, 0x14b95348, 0x14b95400, 0x15560000)
No shared spaces configured.
Event: 169.122 GC heap after
Heap after GC invocations=57 (full 0):
 def new generation   total 4928K, used 44K [0x04960000, 0x04eb0000, 0x09eb0000)
  eden space 4416K,   0% used [0x04960000, 0x04960000, 0x04db0000)
  from space 512K,   8% used [0x04e30000, 0x04e3b018, 0x04eb0000)
  to   space 512K,   0% used [0x04db0000, 0x04db0000, 0x04e30000)
 tenured generation   total 10944K, used 462K [0x09eb0000, 0x0a960000, 0x14960000)
   the space 10944K,   4% used [0x09eb0000, 0x09f23a18, 0x09f23c00, 0x0a960000)
 compacting perm gen  total 12288K, used 2260K [0x14960000, 0x15560000, 0x18960000)
   the space 12288K,  18% used [0x14960000, 0x14b95348, 0x14b95400, 0x15560000)
No shared spaces configured.
}
Event: 170.367 GC heap before
{Heap before GC invocations=57 (full 0):
 def new generation   total 4928K, used 4460K [0x04960000, 0x04eb0000, 0x09eb0000)
  eden space 4416K, 100% used [0x04960000, 0x04db0000, 0x04db0000)
  from space 512K,   8% used [0x04e30000, 0x04e3b018, 0x04eb0000)
  to   space 512K,   0% used [0x04db0000, 0x04db0000, 0x04e30000)
 tenured generation   total 10944K, used 462K [0x09eb0000, 0x0a960000, 0x14960000)
   the space 10944K,   4% used [0x09eb0000, 0x09f23a18, 0x09f23c00, 0x0a960000)
 compacting perm gen  total 12288K, used 2260K [0x14960000, 0x15560000, 0x18960000)
   the space 12288K,  18% used [0x14960000, 0x14b95348, 0x14b95400, 0x15560000)
No shared spaces configured.
Event: 170.367 GC heap after
Heap after GC invocations=58 (full 0):
 def new generation   total 4928K, used 49K [0x04960000, 0x04eb0000, 0x09eb0000)
  eden space 4416K,   0% used [0x04960000, 0x04960000, 0x04db0000)
  from space 512K,   9% used [0x04db0000, 0x04dbc6b0, 0x04e30000)
  to   space 512K,   0% used [0x04e30000, 0x04e30000, 0x04eb0000)
 tenured generation   total 10944K, used 462K [0x09eb0000, 0x0a960000, 0x14960000)
   the space 10944K,   4% used [0x09eb0000, 0x09f23bd8, 0x09f23c00, 0x0a960000)
 compacting perm gen  total 12288K, used 2260K [0x14960000, 0x15560000, 0x18960000)
   the space 12288K,  18% used [0x14960000, 0x14b95348, 0x14b95400, 0x15560000)
No shared spaces configured.
}
Event: 173.945 GC heap before
{Heap before GC invocations=58 (full 0):
 def new generation   total 4928K, used 4465K [0x04960000, 0x04eb0000, 0x09eb0000)
  eden space 4416K, 100% used [0x04960000, 0x04db0000, 0x04db0000)
  from space 512K,   9% used [0x04db0000, 0x04dbc6b0, 0x04e30000)
  to   space 512K,   0% used [0x04e30000, 0x04e30000, 0x04eb0000)
 tenured generation   total 10944K, used 462K [0x09eb0000, 0x0a960000, 0x14960000)
   the space 10944K,   4% used [0x09eb0000, 0x09f23bd8, 0x09f23c00, 0x0a960000)
 compacting perm gen  total 12288K, used 2260K [0x14960000, 0x15560000, 0x18960000)
   the space 12288K,  18% used [0x14960000, 0x14b95348, 0x14b95400, 0x15560000)
No shared spaces configured.
Event: 173.945 GC heap after
Heap after GC invocations=59 (full 0):
 def new generation   total 4928K, used 50K [0x04960000, 0x04eb0000, 0x09eb0000)
  eden space 4416K,   0% used [0x04960000, 0x04960000, 0x04db0000)
  from space 512K,   9% used [0x04e30000, 0x04e3c9d0, 0x04eb0000)
  to   space 512K,   0% used [0x04db0000, 0x04db0000, 0x04e30000)
 tenured generation   total 10944K, used 463K [0x09eb0000, 0x0a960000, 0x14960000)
   the space 10944K,   4% used [0x09eb0000, 0x09f23f58, 0x09f24000, 0x0a960000)
 compacting perm gen  total 12288K, used 2260K [0x14960000, 0x15560000, 0x18960000)
   the space 12288K,  18% used [0x14960000, 0x14b95348, 0x14b95400, 0x15560000)
No shared spaces configured.
}

