# JRE version: Java(TM) SE Runtime Environment (7.0_55-b13) (build 1.7.0_55-b13)
# Java VM: Java HotSpot(TM) Client VM (24.55-b03 mixed mode windows-x86 )
Heap
 def new generation   total 4928K, used 3544K [0x041a0000, 0x046f0000, 0x096f0000)
  eden space 4416K,  80% used [0x041a0000, 0x045145c8, 0x045f0000)
  from space 512K,   1% used [0x045f0000, 0x045f1bd0, 0x04670000)
  to   space 512K,   0% used [0x04670000, 0x04670000, 0x046f0000)
 tenured generation   total 10944K, used 417K [0x096f0000, 0x0a1a0000, 0x141a0000)
   the space 10944K,   3% used [0x096f0000, 0x09758518, 0x09758600, 0x0a1a0000)
 compacting perm gen  total 12288K, used 2249K [0x141a0000, 0x14da0000, 0x181a0000)
   the space 12288K,  18% used [0x141a0000, 0x143d27f8, 0x143d2800, 0x14da0000)
GC Heap History (4 events):
Event: 20.943 GC heap before
{Heap before GC invocations=0 (full 0):
 def new generation   total 4928K, used 4416K [0x041a0000, 0x046f0000, 0x096f0000)
  eden space 4416K, 100% used [0x041a0000, 0x045f0000, 0x045f0000)
  from space 512K,   0% used [0x045f0000, 0x045f0000, 0x04670000)
  to   space 512K,   0% used [0x04670000, 0x04670000, 0x046f0000)
 tenured generation   total 10944K, used 0K [0x096f0000, 0x0a1a0000, 0x141a0000)
   the space 10944K,   0% used [0x096f0000, 0x096f0000, 0x096f0200, 0x0a1a0000)
 compacting perm gen  total 12288K, used 2226K [0x141a0000, 0x14da0000, 0x181a0000)
   the space 12288K,  18% used [0x141a0000, 0x143ccbb0, 0x143ccc00, 0x14da0000)
No shared spaces configured.
Event: 20.945 GC heap after
Heap after GC invocations=1 (full 0):
 def new generation   total 4928K, used 512K [0x041a0000, 0x046f0000, 0x096f0000)
  eden space 4416K,   0% used [0x041a0000, 0x041a0000, 0x045f0000)
  from space 512K, 100% used [0x04670000, 0x046f0000, 0x046f0000)
  to   space 512K,   0% used [0x045f0000, 0x045f0000, 0x04670000)
 tenured generation   total 10944K, used 42K [0x096f0000, 0x0a1a0000, 0x141a0000)
   the space 10944K,   0% used [0x096f0000, 0x096fa8c8, 0x096faa00, 0x0a1a0000)
 compacting perm gen  total 12288K, used 2226K [0x141a0000, 0x14da0000, 0x181a0000)
   the space 12288K,  18% used [0x141a0000, 0x143ccbb0, 0x143ccc00, 0x14da0000)
No shared spaces configured.
}
Event: 38.066 GC heap before
{Heap before GC invocations=1 (full 0):
 def new generation   total 4928K, used 4928K [0x041a0000, 0x046f0000, 0x096f0000)
  eden space 4416K, 100% used [0x041a0000, 0x045f0000, 0x045f0000)
  from space 512K, 100% used [0x04670000, 0x046f0000, 0x046f0000)
  to   space 512K,   0% used [0x045f0000, 0x045f0000, 0x04670000)
 tenured generation   total 10944K, used 42K [0x096f0000, 0x0a1a0000, 0x141a0000)
   the space 10944K,   0% used [0x096f0000, 0x096fa8c8, 0x096faa00, 0x0a1a0000)
 compacting perm gen  total 12288K, used 2249K [0x141a0000, 0x14da0000, 0x181a0000)
   the space 12288K,  18% used [0x141a0000, 0x143d27f8, 0x143d2800, 0x14da0000)
No shared spaces configured.
Event: 38.068 GC heap after
Heap after GC invocations=2 (full 0):
 def new generation   total 4928K, used 6K [0x041a0000, 0x046f0000, 0x096f0000)
  eden space 4416K,   0% used [0x041a0000, 0x041a0000, 0x045f0000)
  from space 512K,   1% used [0x045f0000, 0x045f1bd0, 0x04670000)
  to   space 512K,   0% used [0x04670000, 0x04670000, 0x046f0000)
 tenured generation   total 10944K, used 417K [0x096f0000, 0x0a1a0000, 0x141a0000)
   the space 10944K,   3% used [0x096f0000, 0x09758518, 0x09758600, 0x0a1a0000)
 compacting perm gen  total 12288K, used 2249K [0x141a0000, 0x14da0000, 0x181a0000)
   the space 12288K,  18% used [0x141a0000, 0x143d27f8, 0x143d2800, 0x14da0000)
No shared spaces configured.
}

