# JRE version: Java(TM) SE Runtime Environment (7.0_55-b13) (build 1.7.0_55-b13)
# Java VM: Java HotSpot(TM) Client VM (24.55-b03 mixed mode, sharing windows-x86 )
Heap
 def new generation   total 4928K, used 4243K [0x247b0000, 0x24d00000, 0x29d00000)
  eden space 4416K,  96% used [0x247b0000, 0x24bd45c0, 0x24c00000)
  from space 512K,   0% used [0x24c80000, 0x24c808e0, 0x24d00000)
  to   space 512K,   0% used [0x24c00000, 0x24c00000, 0x24c80000)
 tenured generation   total 10944K, used 239K [0x29d00000, 0x2a7b0000, 0x347b0000)
   the space 10944K,   2% used [0x29d00000, 0x29d3be40, 0x29d3c000, 0x2a7b0000)
 compacting perm gen  total 12288K, used 533K [0x347b0000, 0x353b0000, 0x387b0000)
   the space 12288K,   4% used [0x347b0000, 0x348357c0, 0x34835800, 0x353b0000)
    ro space 10240K,  44% used [0x387b0000, 0x38c28300, 0x38c28400, 0x391b0000)
    rw space 12288K,  52% used [0x391b0000, 0x397ff100, 0x397ff200, 0x39db0000)
GC Heap History (10 events):
Event: 278.861 GC heap before
{Heap before GC invocations=16 (full 0):
 def new generation   total 4928K, used 4416K [0x247b0000, 0x24d00000, 0x29d00000)
  eden space 4416K, 100% used [0x247b0000, 0x24c00000, 0x24c00000)
  from space 512K,   0% used [0x24c00000, 0x24c00370, 0x24c80000)
  to   space 512K,   0% used [0x24c80000, 0x24c80000, 0x24d00000)
 tenured generation   total 10944K, used 239K [0x29d00000, 0x2a7b0000, 0x347b0000)
   the space 10944K,   2% used [0x29d00000, 0x29d3bc68, 0x29d3be00, 0x2a7b0000)
 compacting perm gen  total 12288K, used 533K [0x347b0000, 0x353b0000, 0x387b0000)
   the space 12288K,   4% used [0x347b0000, 0x348357c0, 0x34835800, 0x353b0000)
    ro space 10240K,  44% used [0x387b0000, 0x38c28300, 0x38c28400, 0x391b0000)
    rw space 12288K,  52% used [0x391b0000, 0x397ff100, 0x397ff200, 0x39db0000)
Event: 278.861 GC heap after
Heap after GC invocations=17 (full 0):
 def new generation   total 4928K, used 0K [0x247b0000, 0x24d00000, 0x29d00000)
  eden space 4416K,   0% used [0x247b0000, 0x247b0000, 0x24c00000)
  from space 512K,   0% used [0x24c80000, 0x24c802d8, 0x24d00000)
  to   space 512K,   0% used [0x24c00000, 0x24c00000, 0x24c80000)
 tenured generation   total 10944K, used 239K [0x29d00000, 0x2a7b0000, 0x347b0000)
   the space 10944K,   2% used [0x29d00000, 0x29d3bdd0, 0x29d3be00, 0x2a7b0000)
 compacting perm gen  total 12288K, used 533K [0x347b0000, 0x353b0000, 0x387b0000)
   the space 12288K,   4% used [0x347b0000, 0x348357c0, 0x34835800, 0x353b0000)
    ro space 10240K,  44% used [0x387b0000, 0x38c28300, 0x38c28400, 0x391b0000)
    rw space 12288K,  52% used [0x391b0000, 0x397ff100, 0x397ff200, 0x39db0000)
}
Event: 279.681 GC heap before
{Heap before GC invocations=17 (full 0):
 def new generation   total 4928K, used 4416K [0x247b0000, 0x24d00000, 0x29d00000)
  eden space 4416K, 100% used [0x247b0000, 0x24c00000, 0x24c00000)
  from space 512K,   0% used [0x24c80000, 0x24c802d8, 0x24d00000)
  to   space 512K,   0% used [0x24c00000, 0x24c00000, 0x24c80000)
 tenured generation   total 10944K, used 239K [0x29d00000, 0x2a7b0000, 0x347b0000)
   the space 10944K,   2% used [0x29d00000, 0x29d3bdd0, 0x29d3be00, 0x2a7b0000)
 compacting perm gen  total 12288K, used 533K [0x347b0000, 0x353b0000, 0x387b0000)
   the space 12288K,   4% used [0x347b0000, 0x348357c0, 0x34835800, 0x353b0000)
    ro space 10240K,  44% used [0x387b0000, 0x38c28300, 0x38c28400, 0x391b0000)
    rw space 12288K,  52% used [0x391b0000, 0x397ff100, 0x397ff200, 0x39db0000)
Event: 279.681 GC heap after
Heap after GC invocations=18 (full 0):
 def new generation   total 4928K, used 0K [0x247b0000, 0x24d00000, 0x29d00000)
  eden space 4416K,   0% used [0x247b0000, 0x247b0000, 0x24c00000)
  from space 512K,   0% used [0x24c00000, 0x24c00100, 0x24c80000)
  to   space 512K,   0% used [0x24c80000, 0x24c80000, 0x24d00000)
 tenured generation   total 10944K, used 239K [0x29d00000, 0x2a7b0000, 0x347b0000)
   the space 10944K,   2% used [0x29d00000, 0x29d3be40, 0x29d3c000, 0x2a7b0000)
 compacting perm gen  total 12288K, used 533K [0x347b0000, 0x353b0000, 0x387b0000)
   the space 12288K,   4% used [0x347b0000, 0x348357c0, 0x34835800, 0x353b0000)
    ro space 10240K,  44% used [0x387b0000, 0x38c28300, 0x38c28400, 0x391b0000)
    rw space 12288K,  52% used [0x391b0000, 0x397ff100, 0x397ff200, 0x39db0000)
}
Event: 280.523 GC heap before
{Heap before GC invocations=18 (full 0):
 def new generation   total 4928K, used 4416K [0x247b0000, 0x24d00000, 0x29d00000)
  eden space 4416K, 100% used [0x247b0000, 0x24c00000, 0x24c00000)
  from space 512K,   0% used [0x24c00000, 0x24c00100, 0x24c80000)
  to   space 512K,   0% used [0x24c80000, 0x24c80000, 0x24d00000)
 tenured generation   total 10944K, used 239K [0x29d00000, 0x2a7b0000, 0x347b0000)
   the space 10944K,   2% used [0x29d00000, 0x29d3be40, 0x29d3c000, 0x2a7b0000)
 compacting perm gen  total 12288K, used 533K [0x347b0000, 0x353b0000, 0x387b0000)
   the space 12288K,   4% used [0x347b0000, 0x348357c0, 0x34835800, 0x353b0000)
    ro space 10240K,  44% used [0x387b0000, 0x38c28300, 0x38c28400, 0x391b0000)
    rw space 12288K,  52% used [0x391b0000, 0x397ff100, 0x397ff200, 0x39db0000)
Event: 280.523 GC heap after
Heap after GC invocations=19 (full 0):
 def new generation   total 4928K, used 0K [0x247b0000, 0x24d00000, 0x29d00000)
  eden space 4416K,   0% used [0x247b0000, 0x247b0000, 0x24c00000)
  from space 512K,   0% used [0x24c80000, 0x24c80268, 0x24d00000)
  to   space 512K,   0% used [0x24c00000, 0x24c00000, 0x24c80000)
 tenured generation   total 10944K, used 239K [0x29d00000, 0x2a7b0000, 0x347b0000)
   the space 10944K,   2% used [0x29d00000, 0x29d3be40, 0x29d3c000, 0x2a7b0000)
 compacting perm gen  total 12288K, used 533K [0x347b0000, 0x353b0000, 0x387b0000)
   the space 12288K,   4% used [0x347b0000, 0x348357c0, 0x34835800, 0x353b0000)
    ro space 10240K,  44% used [0x387b0000, 0x38c28300, 0x38c28400, 0x391b0000)
    rw space 12288K,  52% used [0x391b0000, 0x397ff100, 0x397ff200, 0x39db0000)
}
Event: 281.390 GC heap before
{Heap before GC invocations=19 (full 0):
 def new generation   total 4928K, used 4416K [0x247b0000, 0x24d00000, 0x29d00000)
  eden space 4416K, 100% used [0x247b0000, 0x24c00000, 0x24c00000)
  from space 512K,   0% used [0x24c80000, 0x24c80268, 0x24d00000)
  to   space 512K,   0% used [0x24c00000, 0x24c00000, 0x24c80000)
 tenured generation   total 10944K, used 239K [0x29d00000, 0x2a7b0000, 0x347b0000)
   the space 10944K,   2% used [0x29d00000, 0x29d3be40, 0x29d3c000, 0x2a7b0000)
 compacting perm gen  total 12288K, used 533K [0x347b0000, 0x353b0000, 0x387b0000)
   the space 12288K,   4% used [0x347b0000, 0x348357c0, 0x34835800, 0x353b0000)
    ro space 10240K,  44% used [0x387b0000, 0x38c28300, 0x38c28400, 0x391b0000)
    rw space 12288K,  52% used [0x391b0000, 0x397ff100, 0x397ff200, 0x39db0000)
Event: 281.391 GC heap after
Heap after GC invocations=20 (full 0):
 def new generation   total 4928K, used 2K [0x247b0000, 0x24d00000, 0x29d00000)
  eden space 4416K,   0% used [0x247b0000, 0x247b0000, 0x24c00000)
  from space 512K,   0% used [0x24c00000, 0x24c00930, 0x24c80000)
  to   space 512K,   0% used [0x24c80000, 0x24c80000, 0x24d00000)
 tenured generation   total 10944K, used 239K [0x29d00000, 0x2a7b0000, 0x347b0000)
   the space 10944K,   2% used [0x29d00000, 0x29d3be40, 0x29d3c000, 0x2a7b0000)
 compacting perm gen  total 12288K, used 533K [0x347b0000, 0x353b0000, 0x387b0000)
   the space 12288K,   4% used [0x347b0000, 0x348357c0, 0x34835800, 0x353b0000)
    ro space 10240K,  44% used [0x387b0000, 0x38c28300, 0x38c28400, 0x391b0000)
    rw space 12288K,  52% used [0x391b0000, 0x397ff100, 0x397ff200, 0x39db0000)
}
Event: 282.340 GC heap before
{Heap before GC invocations=20 (full 0):
 def new generation   total 4928K, used 4418K [0x247b0000, 0x24d00000, 0x29d00000)
  eden space 4416K, 100% used [0x247b0000, 0x24c00000, 0x24c00000)
  from space 512K,   0% used [0x24c00000, 0x24c00930, 0x24c80000)
  to   space 512K,   0% used [0x24c80000, 0x24c80000, 0x24d00000)
 tenured generation   total 10944K, used 239K [0x29d00000, 0x2a7b0000, 0x347b0000)
   the space 10944K,   2% used [0x29d00000, 0x29d3be40, 0x29d3c000, 0x2a7b0000)
 compacting perm gen  total 12288K, used 533K [0x347b0000, 0x353b0000, 0x387b0000)
   the space 12288K,   4% used [0x347b0000, 0x348357c0, 0x34835800, 0x353b0000)
    ro space 10240K,  44% used [0x387b0000, 0x38c28300, 0x38c28400, 0x391b0000)
    rw space 12288K,  52% used [0x391b0000, 0x397ff100, 0x397ff200, 0x39db0000)
Event: 282.340 GC heap after
Heap after GC invocations=21 (full 0):
 def new generation   total 4928K, used 2K [0x247b0000, 0x24d00000, 0x29d00000)
  eden space 4416K,   0% used [0x247b0000, 0x247b0000, 0x24c00000)
  from space 512K,   0% used [0x24c80000, 0x24c808e0, 0x24d00000)
  to   space 512K,   0% used [0x24c00000, 0x24c00000, 0x24c80000)
 tenured generation   total 10944K, used 239K [0x29d00000, 0x2a7b0000, 0x347b0000)
   the space 10944K,   2% used [0x29d00000, 0x29d3be40, 0x29d3c000, 0x2a7b0000)
 compacting perm gen  total 12288K, used 533K [0x347b0000, 0x353b0000, 0x387b0000)
   the space 12288K,   4% used [0x347b0000, 0x348357c0, 0x34835800, 0x353b0000)
    ro space 10240K,  44% used [0x387b0000, 0x38c28300, 0x38c28400, 0x391b0000)
    rw space 12288K,  52% used [0x391b0000, 0x397ff100, 0x397ff200, 0x39db0000)
}

